{"C:\\Users\\hunte\\OneDrive\\Desktop\\CS_482\\BABA-Repo\\BABA_App\\DAOs\\AccountDao.js": {"path":"C:\\Users\\hunte\\OneDrive\\Desktop\\CS_482\\BABA-Repo\\BABA_App\\DAOs\\AccountDao.js","statementMap":{"0":{"start":{"line":8,"column":18},"end":{"line":8,"column":65}},"1":{"start":{"line":9,"column":4},"end":{"line":9,"column":142}},"2":{"start":{"line":16,"column":8},"end":{"line":31,"column":9}},"3":{"start":{"line":17,"column":12},"end":{"line":26,"column":15}},"4":{"start":{"line":18,"column":32},"end":{"line":25,"column":18}},"5":{"start":{"line":27,"column":12},"end":{"line":27,"column":21}},"6":{"start":{"line":30,"column":12},"end":{"line":30,"column":21}},"7":{"start":{"line":42,"column":22},"end":{"line":42,"column":69}},"8":{"start":{"line":43,"column":8},"end":{"line":58,"column":9}},"9":{"start":{"line":44,"column":12},"end":{"line":49,"column":13}},"10":{"start":{"line":45,"column":16},"end":{"line":45,"column":25}},"11":{"start":{"line":48,"column":16},"end":{"line":48,"column":25}},"12":{"start":{"line":52,"column":12},"end":{"line":57,"column":13}},"13":{"start":{"line":53,"column":16},"end":{"line":53,"column":25}},"14":{"start":{"line":56,"column":16},"end":{"line":56,"column":25}},"15":{"start":{"line":69,"column":22},"end":{"line":69,"column":69}},"16":{"start":{"line":70,"column":8},"end":{"line":70,"column":29}},"17":{"start":{"line":71,"column":8},"end":{"line":73,"column":9}},"18":{"start":{"line":72,"column":12},"end":{"line":72,"column":21}},"19":{"start":{"line":74,"column":8},"end":{"line":74,"column":17}},"20":{"start":{"line":85,"column":8},"end":{"line":88,"column":10}},"21":{"start":{"line":86,"column":22},"end":{"line":86,"column":68}},"22":{"start":{"line":87,"column":12},"end":{"line":87,"column":38}},"23":{"start":{"line":89,"column":8},"end":{"line":91,"column":9}},"24":{"start":{"line":90,"column":12},"end":{"line":90,"column":21}},"25":{"start":{"line":102,"column":18},"end":{"line":102,"column":65}},"26":{"start":{"line":103,"column":8},"end":{"line":105,"column":9}},"27":{"start":{"line":104,"column":12},"end":{"line":104,"column":21}},"28":{"start":{"line":106,"column":8},"end":{"line":106,"column":17}},"29":{"start":{"line":115,"column":4},"end":{"line":118,"column":6}},"30":{"start":{"line":116,"column":22},"end":{"line":116,"column":69}},"31":{"start":{"line":117,"column":8},"end":{"line":117,"column":43}},"32":{"start":{"line":119,"column":4},"end":{"line":121,"column":5}},"33":{"start":{"line":120,"column":8},"end":{"line":120,"column":17}},"34":{"start":{"line":125,"column":4},"end":{"line":128,"column":6}},"35":{"start":{"line":126,"column":22},"end":{"line":126,"column":69}},"36":{"start":{"line":127,"column":8},"end":{"line":127,"column":30}},"37":{"start":{"line":129,"column":4},"end":{"line":131,"column":5}},"38":{"start":{"line":130,"column":8},"end":{"line":130,"column":17}},"39":{"start":{"line":137,"column":8},"end":{"line":139,"column":10}},"40":{"start":{"line":138,"column":12},"end":{"line":138,"column":30}},"41":{"start":{"line":140,"column":8},"end":{"line":142,"column":9}},"42":{"start":{"line":141,"column":12},"end":{"line":141,"column":21}},"43":{"start":{"line":151,"column":4},"end":{"line":154,"column":6}},"44":{"start":{"line":152,"column":22},"end":{"line":152,"column":69}},"45":{"start":{"line":153,"column":8},"end":{"line":153,"column":36}},"46":{"start":{"line":155,"column":4},"end":{"line":157,"column":5}},"47":{"start":{"line":156,"column":8},"end":{"line":156,"column":17}},"48":{"start":{"line":161,"column":4},"end":{"line":164,"column":6}},"49":{"start":{"line":162,"column":22},"end":{"line":162,"column":69}},"50":{"start":{"line":163,"column":8},"end":{"line":163,"column":37}},"51":{"start":{"line":165,"column":4},"end":{"line":167,"column":5}},"52":{"start":{"line":166,"column":8},"end":{"line":166,"column":17}},"53":{"start":{"line":171,"column":18},"end":{"line":171,"column":72}},"54":{"start":{"line":172,"column":4},"end":{"line":172,"column":25}},"55":{"start":{"line":173,"column":4},"end":{"line":177,"column":5}},"56":{"start":{"line":174,"column":8},"end":{"line":174,"column":17}},"57":{"start":{"line":176,"column":8},"end":{"line":176,"column":17}},"58":{"start":{"line":181,"column":18},"end":{"line":181,"column":65}},"59":{"start":{"line":182,"column":4},"end":{"line":186,"column":5}},"60":{"start":{"line":183,"column":8},"end":{"line":183,"column":35}},"61":{"start":{"line":185,"column":8},"end":{"line":185,"column":17}}},"fnMap":{"0":{"name":"getAccountDB","decl":{"start":{"line":7,"column":16},"end":{"line":7,"column":28}},"loc":{"start":{"line":7,"column":39},"end":{"line":10,"column":1}},"line":7},"1":{"name":"createAccount","decl":{"start":{"line":13,"column":26},"end":{"line":13,"column":39}},"loc":{"start":{"line":13,"column":69},"end":{"line":37,"column":1}},"line":13},"2":{"name":"(anonymous_2)","decl":{"start":{"line":17,"column":24},"end":{"line":17,"column":25}},"loc":{"start":{"line":17,"column":30},"end":{"line":26,"column":13}},"line":17},"3":{"name":"findAccount","decl":{"start":{"line":39,"column":26},"end":{"line":39,"column":37}},"loc":{"start":{"line":39,"column":56},"end":{"line":64,"column":1}},"line":39},"4":{"name":"checkPassword","decl":{"start":{"line":66,"column":26},"end":{"line":66,"column":39}},"loc":{"start":{"line":66,"column":61},"end":{"line":80,"column":1}},"line":66},"5":{"name":"addCode","decl":{"start":{"line":82,"column":26},"end":{"line":82,"column":33}},"loc":{"start":{"line":82,"column":51},"end":{"line":97,"column":1}},"line":82},"6":{"name":"(anonymous_6)","decl":{"start":{"line":85,"column":20},"end":{"line":85,"column":21}},"loc":{"start":{"line":85,"column":26},"end":{"line":88,"column":9}},"line":85},"7":{"name":"checkCode","decl":{"start":{"line":99,"column":26},"end":{"line":99,"column":35}},"loc":{"start":{"line":99,"column":53},"end":{"line":112,"column":1}},"line":99},"8":{"name":"changePassword","decl":{"start":{"line":114,"column":16},"end":{"line":114,"column":30}},"loc":{"start":{"line":114,"column":55},"end":{"line":122,"column":1}},"line":114},"9":{"name":"(anonymous_9)","decl":{"start":{"line":115,"column":16},"end":{"line":115,"column":17}},"loc":{"start":{"line":115,"column":22},"end":{"line":118,"column":5}},"line":115},"10":{"name":"removeAccount","decl":{"start":{"line":124,"column":16},"end":{"line":124,"column":29}},"loc":{"start":{"line":124,"column":40},"end":{"line":132,"column":1}},"line":124},"11":{"name":"(anonymous_11)","decl":{"start":{"line":125,"column":16},"end":{"line":125,"column":17}},"loc":{"start":{"line":125,"column":22},"end":{"line":128,"column":5}},"line":125},"12":{"name":"removeAll","decl":{"start":{"line":134,"column":26},"end":{"line":134,"column":35}},"loc":{"start":{"line":134,"column":37},"end":{"line":148,"column":1}},"line":134},"13":{"name":"(anonymous_13)","decl":{"start":{"line":137,"column":20},"end":{"line":137,"column":21}},"loc":{"start":{"line":137,"column":26},"end":{"line":139,"column":9}},"line":137},"14":{"name":"loggedIn","decl":{"start":{"line":150,"column":16},"end":{"line":150,"column":24}},"loc":{"start":{"line":150,"column":35},"end":{"line":158,"column":1}},"line":150},"15":{"name":"(anonymous_15)","decl":{"start":{"line":151,"column":16},"end":{"line":151,"column":17}},"loc":{"start":{"line":151,"column":22},"end":{"line":154,"column":5}},"line":151},"16":{"name":"loggedOff","decl":{"start":{"line":160,"column":16},"end":{"line":160,"column":25}},"loc":{"start":{"line":160,"column":36},"end":{"line":168,"column":1}},"line":160},"17":{"name":"(anonymous_17)","decl":{"start":{"line":161,"column":16},"end":{"line":161,"column":17}},"loc":{"start":{"line":161,"column":22},"end":{"line":164,"column":5}},"line":161},"18":{"name":"findLoggedIn","decl":{"start":{"line":170,"column":16},"end":{"line":170,"column":28}},"loc":{"start":{"line":170,"column":30},"end":{"line":178,"column":1}},"line":170},"19":{"name":"getID","decl":{"start":{"line":180,"column":16},"end":{"line":180,"column":21}},"loc":{"start":{"line":180,"column":32},"end":{"line":187,"column":1}},"line":180}},"branchMap":{"0":{"loc":{"start":{"line":16,"column":8},"end":{"line":31,"column":9}},"type":"if","locations":[{"start":{"line":16,"column":8},"end":{"line":31,"column":9}},{"start":{"line":29,"column":12},"end":{"line":31,"column":9}}],"line":16},"1":{"loc":{"start":{"line":43,"column":8},"end":{"line":58,"column":9}},"type":"if","locations":[{"start":{"line":43,"column":8},"end":{"line":58,"column":9}},{"start":{"line":51,"column":12},"end":{"line":58,"column":9}}],"line":43},"2":{"loc":{"start":{"line":44,"column":12},"end":{"line":49,"column":13}},"type":"if","locations":[{"start":{"line":44,"column":12},"end":{"line":49,"column":13}},{"start":{"line":47,"column":16},"end":{"line":49,"column":13}}],"line":44},"3":{"loc":{"start":{"line":52,"column":12},"end":{"line":57,"column":13}},"type":"if","locations":[{"start":{"line":52,"column":12},"end":{"line":57,"column":13}},{"start":{"line":55,"column":16},"end":{"line":57,"column":13}}],"line":52},"4":{"loc":{"start":{"line":71,"column":8},"end":{"line":73,"column":9}},"type":"if","locations":[{"start":{"line":71,"column":8},"end":{"line":73,"column":9}},{"start":{},"end":{}}],"line":71},"5":{"loc":{"start":{"line":89,"column":8},"end":{"line":91,"column":9}},"type":"if","locations":[{"start":{"line":89,"column":8},"end":{"line":91,"column":9}},{"start":{},"end":{}}],"line":89},"6":{"loc":{"start":{"line":103,"column":8},"end":{"line":105,"column":9}},"type":"if","locations":[{"start":{"line":103,"column":8},"end":{"line":105,"column":9}},{"start":{},"end":{}}],"line":103},"7":{"loc":{"start":{"line":119,"column":4},"end":{"line":121,"column":5}},"type":"if","locations":[{"start":{"line":119,"column":4},"end":{"line":121,"column":5}},{"start":{},"end":{}}],"line":119},"8":{"loc":{"start":{"line":129,"column":4},"end":{"line":131,"column":5}},"type":"if","locations":[{"start":{"line":129,"column":4},"end":{"line":131,"column":5}},{"start":{},"end":{}}],"line":129},"9":{"loc":{"start":{"line":140,"column":8},"end":{"line":142,"column":9}},"type":"if","locations":[{"start":{"line":140,"column":8},"end":{"line":142,"column":9}},{"start":{},"end":{}}],"line":140},"10":{"loc":{"start":{"line":155,"column":4},"end":{"line":157,"column":5}},"type":"if","locations":[{"start":{"line":155,"column":4},"end":{"line":157,"column":5}},{"start":{},"end":{}}],"line":155},"11":{"loc":{"start":{"line":165,"column":4},"end":{"line":167,"column":5}},"type":"if","locations":[{"start":{"line":165,"column":4},"end":{"line":167,"column":5}},{"start":{},"end":{}}],"line":165},"12":{"loc":{"start":{"line":173,"column":4},"end":{"line":177,"column":5}},"type":"if","locations":[{"start":{"line":173,"column":4},"end":{"line":177,"column":5}},{"start":{"line":175,"column":10},"end":{"line":177,"column":5}}],"line":173},"13":{"loc":{"start":{"line":182,"column":4},"end":{"line":186,"column":5}},"type":"if","locations":[{"start":{"line":182,"column":4},"end":{"line":186,"column":5}},{"start":{"line":184,"column":9},"end":{"line":186,"column":5}}],"line":182}},"s":{"0":2,"1":2,"2":11,"3":11,"4":11,"5":0,"6":0,"7":12,"8":12,"9":1,"10":1,"11":0,"12":11,"13":0,"14":11,"15":1,"16":1,"17":1,"18":0,"19":0,"20":2,"21":2,"22":2,"23":0,"24":0,"25":1,"26":1,"27":0,"28":0,"29":1,"30":1,"31":1,"32":0,"33":0,"34":2,"35":2,"36":2,"37":0,"38":0,"39":2,"40":2,"41":2,"42":2,"43":0,"44":0,"45":0,"46":0,"47":0,"48":1,"49":1,"50":1,"51":0,"52":0,"53":0,"54":0,"55":0,"56":0,"57":0,"58":0,"59":0,"60":0,"61":0},"f":{"0":2,"1":11,"2":11,"3":12,"4":1,"5":2,"6":2,"7":1,"8":1,"9":1,"10":2,"11":2,"12":2,"13":2,"14":0,"15":0,"16":1,"17":1,"18":0,"19":0},"b":{"0":[11,0],"1":[1,11],"2":[1,0],"3":[0,11],"4":[0,0],"5":[0,0],"6":[0,0],"7":[0,0],"8":[0,0],"9":[2,0],"10":[0,0],"11":[0,0],"12":[0,0],"13":[0,0]},"_coverageSchema":"1a1c01bbd47fc00a2c39e90264f33305004495a9","hash":"9d83d0c857f6c73cc0d04926aa0c49f7c46f76a5"}
,"C:\\Users\\hunte\\OneDrive\\Desktop\\CS_482\\BABA-Repo\\BABA_App\\DAOs\\GameDao.js": {"path":"C:\\Users\\hunte\\OneDrive\\Desktop\\CS_482\\BABA-Repo\\BABA_App\\DAOs\\GameDao.js","statementMap":{"0":{"start":{"line":6,"column":15},"end":{"line":6,"column":57}},"1":{"start":{"line":7,"column":4},"end":{"line":7,"column":140}},"2":{"start":{"line":11,"column":4},"end":{"line":22,"column":7}},"3":{"start":{"line":12,"column":21},"end":{"line":20,"column":10}},"4":{"start":{"line":21,"column":8},"end":{"line":21,"column":17}},"5":{"start":{"line":27,"column":4},"end":{"line":41,"column":5}},"6":{"start":{"line":28,"column":8},"end":{"line":38,"column":10}},"7":{"start":{"line":29,"column":23},"end":{"line":29,"column":65}},"8":{"start":{"line":30,"column":12},"end":{"line":36,"column":13}},"9":{"start":{"line":31,"column":16},"end":{"line":31,"column":46}},"10":{"start":{"line":32,"column":19},"end":{"line":36,"column":13}},"11":{"start":{"line":33,"column":16},"end":{"line":33,"column":46}},"12":{"start":{"line":35,"column":16},"end":{"line":35,"column":25}},"13":{"start":{"line":37,"column":12},"end":{"line":37,"column":21}},"14":{"start":{"line":40,"column":8},"end":{"line":40,"column":17}},"15":{"start":{"line":45,"column":15},"end":{"line":45,"column":57}},"16":{"start":{"line":46,"column":4},"end":{"line":52,"column":5}},"17":{"start":{"line":47,"column":8},"end":{"line":47,"column":17}},"18":{"start":{"line":51,"column":8},"end":{"line":51,"column":17}}},"fnMap":{"0":{"name":"getGameDB","decl":{"start":{"line":5,"column":16},"end":{"line":5,"column":25}},"loc":{"start":{"line":5,"column":34},"end":{"line":8,"column":1}},"line":5},"1":{"name":"insertDBGame","decl":{"start":{"line":10,"column":16},"end":{"line":10,"column":28}},"loc":{"start":{"line":10,"column":63},"end":{"line":24,"column":1}},"line":10},"2":{"name":"(anonymous_2)","decl":{"start":{"line":11,"column":16},"end":{"line":11,"column":17}},"loc":{"start":{"line":11,"column":22},"end":{"line":22,"column":5}},"line":11},"3":{"name":"addPointsDB","decl":{"start":{"line":26,"column":16},"end":{"line":26,"column":27}},"loc":{"start":{"line":26,"column":54},"end":{"line":42,"column":1}},"line":26},"4":{"name":"(anonymous_4)","decl":{"start":{"line":28,"column":20},"end":{"line":28,"column":21}},"loc":{"start":{"line":28,"column":26},"end":{"line":38,"column":9}},"line":28},"5":{"name":"findGame","decl":{"start":{"line":44,"column":16},"end":{"line":44,"column":24}},"loc":{"start":{"line":44,"column":33},"end":{"line":53,"column":1}},"line":44}},"branchMap":{"0":{"loc":{"start":{"line":27,"column":4},"end":{"line":41,"column":5}},"type":"if","locations":[{"start":{"line":27,"column":4},"end":{"line":41,"column":5}},{"start":{"line":39,"column":11},"end":{"line":41,"column":5}}],"line":27},"1":{"loc":{"start":{"line":30,"column":12},"end":{"line":36,"column":13}},"type":"if","locations":[{"start":{"line":30,"column":12},"end":{"line":36,"column":13}},{"start":{"line":32,"column":19},"end":{"line":36,"column":13}}],"line":30},"2":{"loc":{"start":{"line":32,"column":19},"end":{"line":36,"column":13}},"type":"if","locations":[{"start":{"line":32,"column":19},"end":{"line":36,"column":13}},{"start":{"line":34,"column":17},"end":{"line":36,"column":13}}],"line":32},"3":{"loc":{"start":{"line":46,"column":4},"end":{"line":52,"column":5}},"type":"if","locations":[{"start":{"line":46,"column":4},"end":{"line":52,"column":5}},{"start":{"line":49,"column":8},"end":{"line":52,"column":5}}],"line":46}},"s":{"0":0,"1":0,"2":0,"3":0,"4":0,"5":0,"6":0,"7":0,"8":0,"9":0,"10":0,"11":0,"12":0,"13":0,"14":0,"15":0,"16":0,"17":0,"18":0},"f":{"0":0,"1":0,"2":0,"3":0,"4":0,"5":0},"b":{"0":[0,0],"1":[0,0],"2":[0,0],"3":[0,0]},"_coverageSchema":"1a1c01bbd47fc00a2c39e90264f33305004495a9","hash":"031463a09d07d8b696d886f4e6204e6eb366b935"}
,"C:\\Users\\hunte\\OneDrive\\Desktop\\CS_482\\BABA-Repo\\BABA_App\\DAOs\\SchemaDao.js": {"path":"C:\\Users\\hunte\\OneDrive\\Desktop\\CS_482\\BABA-Repo\\BABA_App\\DAOs\\SchemaDao.js","statementMap":{"0":{"start":{"line":5,"column":16},"end":{"line":61,"column":2}}},"fnMap":{},"branchMap":{},"s":{"0":4},"f":{},"b":{},"_coverageSchema":"1a1c01bbd47fc00a2c39e90264f33305004495a9","hash":"135dcdb683b96ea64e7f52d84414cee875e06308"}
,"C:\\Users\\hunte\\OneDrive\\Desktop\\CS_482\\BABA-Repo\\BABA_App\\Objects\\AccountCont.js": {"path":"C:\\Users\\hunte\\OneDrive\\Desktop\\CS_482\\BABA-Repo\\BABA_App\\Objects\\AccountCont.js","statementMap":{"0":{"start":{"line":6,"column":8},"end":{"line":6,"column":33}},"1":{"start":{"line":7,"column":8},"end":{"line":7,"column":27}},"2":{"start":{"line":8,"column":8},"end":{"line":8,"column":33}},"3":{"start":{"line":9,"column":8},"end":{"line":9,"column":39}},"4":{"start":{"line":10,"column":8},"end":{"line":10,"column":37}},"5":{"start":{"line":11,"column":8},"end":{"line":11,"column":34}},"6":{"start":{"line":15,"column":8},"end":{"line":15,"column":71}},"7":{"start":{"line":19,"column":8},"end":{"line":19,"column":48}},"8":{"start":{"line":22,"column":8},"end":{"line":22,"column":59}},"9":{"start":{"line":25,"column":19},"end":{"line":25,"column":58}},"10":{"start":{"line":26,"column":8},"end":{"line":26,"column":31}},"11":{"start":{"line":27,"column":18},"end":{"line":27,"column":38}},"12":{"start":{"line":28,"column":18},"end":{"line":28,"column":56}},"13":{"start":{"line":29,"column":22},"end":{"line":29,"column":132}},"14":{"start":{"line":30,"column":8},"end":{"line":30,"column":19}},"15":{"start":{"line":31,"column":8},"end":{"line":31,"column":23}},"16":{"start":{"line":32,"column":8},"end":{"line":32,"column":36}},"17":{"start":{"line":33,"column":8},"end":{"line":33,"column":36}},"18":{"start":{"line":36,"column":8},"end":{"line":36,"column":46}},"19":{"start":{"line":39,"column":8},"end":{"line":39,"column":57}},"20":{"start":{"line":42,"column":8},"end":{"line":42,"column":44}},"21":{"start":{"line":45,"column":8},"end":{"line":45,"column":27}},"22":{"start":{"line":48,"column":8},"end":{"line":48,"column":39}},"23":{"start":{"line":51,"column":22},"end":{"line":51,"column":49}},"24":{"start":{"line":52,"column":18},"end":{"line":52,"column":41}},"25":{"start":{"line":53,"column":18},"end":{"line":53,"column":50}},"26":{"start":{"line":54,"column":22},"end":{"line":54,"column":87}},"27":{"start":{"line":55,"column":8},"end":{"line":55,"column":19}},"28":{"start":{"line":56,"column":8},"end":{"line":56,"column":23}},"29":{"start":{"line":57,"column":8},"end":{"line":57,"column":36}},"30":{"start":{"line":60,"column":8},"end":{"line":60,"column":36}},"31":{"start":{"line":65,"column":8},"end":{"line":65,"column":43}},"32":{"start":{"line":70,"column":8},"end":{"line":70,"column":37}},"33":{"start":{"line":71,"column":8},"end":{"line":71,"column":34}},"34":{"start":{"line":72,"column":8},"end":{"line":72,"column":28}},"35":{"start":{"line":73,"column":8},"end":{"line":73,"column":34}},"36":{"start":{"line":74,"column":8},"end":{"line":74,"column":39}},"37":{"start":{"line":75,"column":8},"end":{"line":75,"column":38}},"38":{"start":{"line":76,"column":8},"end":{"line":76,"column":36}},"39":{"start":{"line":77,"column":8},"end":{"line":77,"column":71}}},"fnMap":{"0":{"name":"(anonymous_0)","decl":{"start":{"line":5,"column":4},"end":{"line":5,"column":5}},"loc":{"start":{"line":5,"column":78},"end":{"line":12,"column":5}},"line":5},"1":{"name":"(anonymous_1)","decl":{"start":{"line":14,"column":4},"end":{"line":14,"column":5}},"loc":{"start":{"line":14,"column":12},"end":{"line":16,"column":5}},"line":14},"2":{"name":"(anonymous_2)","decl":{"start":{"line":18,"column":4},"end":{"line":18,"column":5}},"loc":{"start":{"line":18,"column":12},"end":{"line":20,"column":5}},"line":18},"3":{"name":"(anonymous_3)","decl":{"start":{"line":21,"column":4},"end":{"line":21,"column":5}},"loc":{"start":{"line":21,"column":15},"end":{"line":23,"column":5}},"line":21},"4":{"name":"(anonymous_4)","decl":{"start":{"line":24,"column":4},"end":{"line":24,"column":5}},"loc":{"start":{"line":24,"column":15},"end":{"line":34,"column":5}},"line":24},"5":{"name":"(anonymous_5)","decl":{"start":{"line":35,"column":4},"end":{"line":35,"column":5}},"loc":{"start":{"line":35,"column":22},"end":{"line":37,"column":5}},"line":35},"6":{"name":"(anonymous_6)","decl":{"start":{"line":38,"column":4},"end":{"line":38,"column":5}},"loc":{"start":{"line":38,"column":28},"end":{"line":40,"column":5}},"line":38},"7":{"name":"(anonymous_7)","decl":{"start":{"line":41,"column":4},"end":{"line":41,"column":5}},"loc":{"start":{"line":41,"column":19},"end":{"line":43,"column":5}},"line":41},"8":{"name":"(anonymous_8)","decl":{"start":{"line":44,"column":4},"end":{"line":44,"column":5}},"loc":{"start":{"line":44,"column":15},"end":{"line":46,"column":5}},"line":44},"9":{"name":"(anonymous_9)","decl":{"start":{"line":47,"column":4},"end":{"line":47,"column":5}},"loc":{"start":{"line":47,"column":18},"end":{"line":49,"column":5}},"line":47},"10":{"name":"(anonymous_10)","decl":{"start":{"line":50,"column":4},"end":{"line":50,"column":5}},"loc":{"start":{"line":50,"column":18},"end":{"line":58,"column":5}},"line":50},"11":{"name":"(anonymous_11)","decl":{"start":{"line":59,"column":4},"end":{"line":59,"column":5}},"loc":{"start":{"line":59,"column":17},"end":{"line":61,"column":5}},"line":59},"12":{"name":"(anonymous_12)","decl":{"start":{"line":64,"column":4},"end":{"line":64,"column":5}},"loc":{"start":{"line":64,"column":16},"end":{"line":66,"column":5}},"line":64},"13":{"name":"(anonymous_13)","decl":{"start":{"line":69,"column":4},"end":{"line":69,"column":5}},"loc":{"start":{"line":69,"column":83},"end":{"line":78,"column":5}},"line":69}},"branchMap":{},"s":{"0":3,"1":3,"2":3,"3":3,"4":3,"5":3,"6":2,"7":1,"8":1,"9":1,"10":1,"11":1,"12":1,"13":1,"14":1,"15":1,"16":1,"17":0,"18":0,"19":1,"20":1,"21":1,"22":0,"23":1,"24":0,"25":0,"26":0,"27":0,"28":0,"29":0,"30":0,"31":1,"32":1,"33":0,"34":0,"35":0,"36":0,"37":0,"38":0,"39":0},"f":{"0":3,"1":2,"2":1,"3":1,"4":1,"5":0,"6":1,"7":1,"8":1,"9":0,"10":1,"11":0,"12":1,"13":1},"b":{},"_coverageSchema":"1a1c01bbd47fc00a2c39e90264f33305004495a9","hash":"498662151696955bc12cd83695b2a0d51328a1ae"}
,"C:\\Users\\hunte\\OneDrive\\Desktop\\CS_482\\BABA-Repo\\BABA_App\\Objects\\GameCont.js": {"path":"C:\\Users\\hunte\\OneDrive\\Desktop\\CS_482\\BABA-Repo\\BABA_App\\Objects\\GameCont.js","statementMap":{"0":{"start":{"line":6,"column":8},"end":{"line":6,"column":31}},"1":{"start":{"line":7,"column":8},"end":{"line":7,"column":31}},"2":{"start":{"line":8,"column":8},"end":{"line":8,"column":25}},"3":{"start":{"line":9,"column":8},"end":{"line":9,"column":32}},"4":{"start":{"line":10,"column":8},"end":{"line":10,"column":37}},"5":{"start":{"line":11,"column":8},"end":{"line":11,"column":37}},"6":{"start":{"line":12,"column":8},"end":{"line":16,"column":9}},"7":{"start":{"line":13,"column":12},"end":{"line":13,"column":54}},"8":{"start":{"line":15,"column":12},"end":{"line":15,"column":33}},"9":{"start":{"line":20,"column":21},"end":{"line":20,"column":61}},"10":{"start":{"line":21,"column":8},"end":{"line":33,"column":9}},"11":{"start":{"line":22,"column":12},"end":{"line":22,"column":33}},"12":{"start":{"line":23,"column":12},"end":{"line":23,"column":21}},"13":{"start":{"line":24,"column":14},"end":{"line":33,"column":9}},"14":{"start":{"line":25,"column":12},"end":{"line":25,"column":33}},"15":{"start":{"line":26,"column":12},"end":{"line":26,"column":21}},"16":{"start":{"line":27,"column":14},"end":{"line":33,"column":9}},"17":{"start":{"line":28,"column":12},"end":{"line":28,"column":33}},"18":{"start":{"line":29,"column":12},"end":{"line":29,"column":21}},"19":{"start":{"line":30,"column":14},"end":{"line":33,"column":9}},"20":{"start":{"line":31,"column":12},"end":{"line":31,"column":33}},"21":{"start":{"line":32,"column":12},"end":{"line":32,"column":21}},"22":{"start":{"line":34,"column":8},"end":{"line":34,"column":28}},"23":{"start":{"line":35,"column":8},"end":{"line":35,"column":28}},"24":{"start":{"line":36,"column":8},"end":{"line":36,"column":17}},"25":{"start":{"line":40,"column":8},"end":{"line":40,"column":27}},"26":{"start":{"line":44,"column":8},"end":{"line":44,"column":26}},"27":{"start":{"line":48,"column":8},"end":{"line":48,"column":26}},"28":{"start":{"line":52,"column":8},"end":{"line":52,"column":25}},"29":{"start":{"line":56,"column":8},"end":{"line":56,"column":30}},"30":{"start":{"line":60,"column":8},"end":{"line":60,"column":31}},"31":{"start":{"line":64,"column":8},"end":{"line":64,"column":31}}},"fnMap":{"0":{"name":"(anonymous_0)","decl":{"start":{"line":5,"column":4},"end":{"line":5,"column":5}},"loc":{"start":{"line":5,"column":83},"end":{"line":17,"column":5}},"line":5},"1":{"name":"(anonymous_1)","decl":{"start":{"line":19,"column":4},"end":{"line":19,"column":5}},"loc":{"start":{"line":19,"column":29},"end":{"line":37,"column":5}},"line":19},"2":{"name":"(anonymous_2)","decl":{"start":{"line":39,"column":4},"end":{"line":39,"column":5}},"loc":{"start":{"line":39,"column":15},"end":{"line":41,"column":5}},"line":39},"3":{"name":"(anonymous_3)","decl":{"start":{"line":43,"column":4},"end":{"line":43,"column":5}},"loc":{"start":{"line":43,"column":18},"end":{"line":45,"column":5}},"line":43},"4":{"name":"(anonymous_4)","decl":{"start":{"line":47,"column":4},"end":{"line":47,"column":5}},"loc":{"start":{"line":47,"column":18},"end":{"line":49,"column":5}},"line":47},"5":{"name":"(anonymous_5)","decl":{"start":{"line":51,"column":4},"end":{"line":51,"column":5}},"loc":{"start":{"line":51,"column":13},"end":{"line":53,"column":5}},"line":51},"6":{"name":"(anonymous_6)","decl":{"start":{"line":55,"column":4},"end":{"line":55,"column":5}},"loc":{"start":{"line":55,"column":18},"end":{"line":57,"column":5}},"line":55},"7":{"name":"(anonymous_7)","decl":{"start":{"line":59,"column":4},"end":{"line":59,"column":5}},"loc":{"start":{"line":59,"column":19},"end":{"line":61,"column":5}},"line":59},"8":{"name":"(anonymous_8)","decl":{"start":{"line":63,"column":4},"end":{"line":63,"column":5}},"loc":{"start":{"line":63,"column":19},"end":{"line":65,"column":5}},"line":63}},"branchMap":{"0":{"loc":{"start":{"line":12,"column":8},"end":{"line":16,"column":9}},"type":"if","locations":[{"start":{"line":12,"column":8},"end":{"line":16,"column":9}},{"start":{"line":14,"column":13},"end":{"line":16,"column":9}}],"line":12},"1":{"loc":{"start":{"line":21,"column":8},"end":{"line":33,"column":9}},"type":"if","locations":[{"start":{"line":21,"column":8},"end":{"line":33,"column":9}},{"start":{"line":24,"column":14},"end":{"line":33,"column":9}}],"line":21},"2":{"loc":{"start":{"line":21,"column":11},"end":{"line":21,"column":52}},"type":"binary-expr","locations":[{"start":{"line":21,"column":11},"end":{"line":21,"column":22}},{"start":{"line":21,"column":26},"end":{"line":21,"column":37}},{"start":{"line":21,"column":41},"end":{"line":21,"column":52}}],"line":21},"3":{"loc":{"start":{"line":24,"column":14},"end":{"line":33,"column":9}},"type":"if","locations":[{"start":{"line":24,"column":14},"end":{"line":33,"column":9}},{"start":{"line":27,"column":14},"end":{"line":33,"column":9}}],"line":24},"4":{"loc":{"start":{"line":24,"column":17},"end":{"line":24,"column":59}},"type":"binary-expr","locations":[{"start":{"line":24,"column":17},"end":{"line":24,"column":28}},{"start":{"line":24,"column":32},"end":{"line":24,"column":44}},{"start":{"line":24,"column":48},"end":{"line":24,"column":59}}],"line":24},"5":{"loc":{"start":{"line":27,"column":14},"end":{"line":33,"column":9}},"type":"if","locations":[{"start":{"line":27,"column":14},"end":{"line":33,"column":9}},{"start":{"line":30,"column":14},"end":{"line":33,"column":9}}],"line":27},"6":{"loc":{"start":{"line":27,"column":17},"end":{"line":27,"column":58}},"type":"binary-expr","locations":[{"start":{"line":27,"column":17},"end":{"line":27,"column":28}},{"start":{"line":27,"column":32},"end":{"line":27,"column":43}},{"start":{"line":27,"column":47},"end":{"line":27,"column":58}}],"line":27},"7":{"loc":{"start":{"line":30,"column":14},"end":{"line":33,"column":9}},"type":"if","locations":[{"start":{"line":30,"column":14},"end":{"line":33,"column":9}},{"start":{},"end":{}}],"line":30},"8":{"loc":{"start":{"line":30,"column":17},"end":{"line":30,"column":59}},"type":"binary-expr","locations":[{"start":{"line":30,"column":17},"end":{"line":30,"column":28}},{"start":{"line":30,"column":32},"end":{"line":30,"column":44}},{"start":{"line":30,"column":48},"end":{"line":30,"column":59}}],"line":30}},"s":{"0":2,"1":2,"2":2,"3":2,"4":2,"5":2,"6":2,"7":0,"8":2,"9":0,"10":0,"11":0,"12":0,"13":0,"14":0,"15":0,"16":0,"17":0,"18":0,"19":0,"20":0,"21":0,"22":0,"23":0,"24":0,"25":0,"26":1,"27":1,"28":1,"29":1,"30":0,"31":0},"f":{"0":2,"1":0,"2":0,"3":1,"4":1,"5":1,"6":1,"7":0,"8":0},"b":{"0":[0,2],"1":[0,0],"2":[0,0,0],"3":[0,0],"4":[0,0,0],"5":[0,0],"6":[0,0,0],"7":[0,0],"8":[0,0,0]},"_coverageSchema":"1a1c01bbd47fc00a2c39e90264f33305004495a9","hash":"f75716bb5a1dfcadcd38e97e3c31e4a2679eff36"}
}
