{"C:\\Users\\billy\\AndroidStudioProjects\\BABA-Repo\\BABA_App\\DAOs\\AccountDao.js": {"path":"C:\\Users\\billy\\AndroidStudioProjects\\BABA-Repo\\BABA_App\\DAOs\\AccountDao.js","statementMap":{"0":{"start":{"line":8,"column":18},"end":{"line":8,"column":65}},"1":{"start":{"line":9,"column":4},"end":{"line":9,"column":142}},"2":{"start":{"line":16,"column":8},"end":{"line":33,"column":9}},"3":{"start":{"line":17,"column":12},"end":{"line":28,"column":15}},"4":{"start":{"line":18,"column":32},"end":{"line":27,"column":18}},"5":{"start":{"line":29,"column":12},"end":{"line":29,"column":21}},"6":{"start":{"line":32,"column":12},"end":{"line":32,"column":21}},"7":{"start":{"line":44,"column":22},"end":{"line":44,"column":69}},"8":{"start":{"line":45,"column":8},"end":{"line":60,"column":9}},"9":{"start":{"line":46,"column":12},"end":{"line":51,"column":13}},"10":{"start":{"line":47,"column":16},"end":{"line":47,"column":25}},"11":{"start":{"line":50,"column":16},"end":{"line":50,"column":25}},"12":{"start":{"line":54,"column":12},"end":{"line":59,"column":13}},"13":{"start":{"line":55,"column":16},"end":{"line":55,"column":25}},"14":{"start":{"line":58,"column":16},"end":{"line":58,"column":25}},"15":{"start":{"line":71,"column":22},"end":{"line":71,"column":69}},"16":{"start":{"line":72,"column":8},"end":{"line":72,"column":29}},"17":{"start":{"line":73,"column":8},"end":{"line":75,"column":9}},"18":{"start":{"line":74,"column":12},"end":{"line":74,"column":21}},"19":{"start":{"line":76,"column":8},"end":{"line":76,"column":17}},"20":{"start":{"line":87,"column":8},"end":{"line":90,"column":10}},"21":{"start":{"line":88,"column":22},"end":{"line":88,"column":68}},"22":{"start":{"line":89,"column":12},"end":{"line":89,"column":38}},"23":{"start":{"line":91,"column":8},"end":{"line":93,"column":9}},"24":{"start":{"line":92,"column":12},"end":{"line":92,"column":21}},"25":{"start":{"line":104,"column":18},"end":{"line":104,"column":65}},"26":{"start":{"line":105,"column":8},"end":{"line":107,"column":9}},"27":{"start":{"line":106,"column":12},"end":{"line":106,"column":21}},"28":{"start":{"line":108,"column":8},"end":{"line":108,"column":17}},"29":{"start":{"line":117,"column":4},"end":{"line":120,"column":6}},"30":{"start":{"line":118,"column":22},"end":{"line":118,"column":69}},"31":{"start":{"line":119,"column":8},"end":{"line":119,"column":43}},"32":{"start":{"line":121,"column":4},"end":{"line":123,"column":5}},"33":{"start":{"line":122,"column":8},"end":{"line":122,"column":17}},"34":{"start":{"line":127,"column":4},"end":{"line":130,"column":6}},"35":{"start":{"line":128,"column":22},"end":{"line":128,"column":69}},"36":{"start":{"line":129,"column":8},"end":{"line":129,"column":30}},"37":{"start":{"line":131,"column":4},"end":{"line":133,"column":5}},"38":{"start":{"line":132,"column":8},"end":{"line":132,"column":17}},"39":{"start":{"line":139,"column":8},"end":{"line":141,"column":10}},"40":{"start":{"line":140,"column":12},"end":{"line":140,"column":30}},"41":{"start":{"line":142,"column":8},"end":{"line":144,"column":9}},"42":{"start":{"line":143,"column":12},"end":{"line":143,"column":21}},"43":{"start":{"line":153,"column":4},"end":{"line":156,"column":6}},"44":{"start":{"line":154,"column":22},"end":{"line":154,"column":69}},"45":{"start":{"line":155,"column":8},"end":{"line":155,"column":36}},"46":{"start":{"line":157,"column":4},"end":{"line":159,"column":5}},"47":{"start":{"line":158,"column":8},"end":{"line":158,"column":17}},"48":{"start":{"line":163,"column":4},"end":{"line":166,"column":6}},"49":{"start":{"line":164,"column":22},"end":{"line":164,"column":69}},"50":{"start":{"line":165,"column":8},"end":{"line":165,"column":37}},"51":{"start":{"line":167,"column":4},"end":{"line":169,"column":5}},"52":{"start":{"line":168,"column":8},"end":{"line":168,"column":17}},"53":{"start":{"line":173,"column":18},"end":{"line":173,"column":72}},"54":{"start":{"line":174,"column":4},"end":{"line":174,"column":25}},"55":{"start":{"line":175,"column":4},"end":{"line":179,"column":5}},"56":{"start":{"line":176,"column":8},"end":{"line":176,"column":17}},"57":{"start":{"line":178,"column":8},"end":{"line":178,"column":17}},"58":{"start":{"line":183,"column":18},"end":{"line":183,"column":65}},"59":{"start":{"line":184,"column":4},"end":{"line":184,"column":31}},"60":{"start":{"line":188,"column":4},"end":{"line":191,"column":7}},"61":{"start":{"line":189,"column":22},"end":{"line":189,"column":69}},"62":{"start":{"line":190,"column":8},"end":{"line":190,"column":43}},"63":{"start":{"line":192,"column":4},"end":{"line":192,"column":13}},"64":{"start":{"line":196,"column":18},"end":{"line":196,"column":65}},"65":{"start":{"line":197,"column":4},"end":{"line":197,"column":34}}},"fnMap":{"0":{"name":"getAccountDB","decl":{"start":{"line":7,"column":16},"end":{"line":7,"column":28}},"loc":{"start":{"line":7,"column":39},"end":{"line":10,"column":1}},"line":7},"1":{"name":"createAccount","decl":{"start":{"line":13,"column":26},"end":{"line":13,"column":39}},"loc":{"start":{"line":13,"column":69},"end":{"line":39,"column":1}},"line":13},"2":{"name":"(anonymous_2)","decl":{"start":{"line":17,"column":24},"end":{"line":17,"column":25}},"loc":{"start":{"line":17,"column":30},"end":{"line":28,"column":13}},"line":17},"3":{"name":"findAccount","decl":{"start":{"line":41,"column":26},"end":{"line":41,"column":37}},"loc":{"start":{"line":41,"column":56},"end":{"line":66,"column":1}},"line":41},"4":{"name":"checkPassword","decl":{"start":{"line":68,"column":26},"end":{"line":68,"column":39}},"loc":{"start":{"line":68,"column":61},"end":{"line":82,"column":1}},"line":68},"5":{"name":"addCode","decl":{"start":{"line":84,"column":26},"end":{"line":84,"column":33}},"loc":{"start":{"line":84,"column":51},"end":{"line":99,"column":1}},"line":84},"6":{"name":"(anonymous_6)","decl":{"start":{"line":87,"column":20},"end":{"line":87,"column":21}},"loc":{"start":{"line":87,"column":26},"end":{"line":90,"column":9}},"line":87},"7":{"name":"checkCode","decl":{"start":{"line":101,"column":26},"end":{"line":101,"column":35}},"loc":{"start":{"line":101,"column":53},"end":{"line":114,"column":1}},"line":101},"8":{"name":"changePassword","decl":{"start":{"line":116,"column":16},"end":{"line":116,"column":30}},"loc":{"start":{"line":116,"column":55},"end":{"line":124,"column":1}},"line":116},"9":{"name":"(anonymous_9)","decl":{"start":{"line":117,"column":16},"end":{"line":117,"column":17}},"loc":{"start":{"line":117,"column":22},"end":{"line":120,"column":5}},"line":117},"10":{"name":"removeAccount","decl":{"start":{"line":126,"column":16},"end":{"line":126,"column":29}},"loc":{"start":{"line":126,"column":40},"end":{"line":134,"column":1}},"line":126},"11":{"name":"(anonymous_11)","decl":{"start":{"line":127,"column":16},"end":{"line":127,"column":17}},"loc":{"start":{"line":127,"column":22},"end":{"line":130,"column":5}},"line":127},"12":{"name":"removeAll","decl":{"start":{"line":136,"column":26},"end":{"line":136,"column":35}},"loc":{"start":{"line":136,"column":37},"end":{"line":150,"column":1}},"line":136},"13":{"name":"(anonymous_13)","decl":{"start":{"line":139,"column":20},"end":{"line":139,"column":21}},"loc":{"start":{"line":139,"column":26},"end":{"line":141,"column":9}},"line":139},"14":{"name":"loggedIn","decl":{"start":{"line":152,"column":16},"end":{"line":152,"column":24}},"loc":{"start":{"line":152,"column":35},"end":{"line":160,"column":1}},"line":152},"15":{"name":"(anonymous_15)","decl":{"start":{"line":153,"column":16},"end":{"line":153,"column":17}},"loc":{"start":{"line":153,"column":22},"end":{"line":156,"column":5}},"line":153},"16":{"name":"loggedOff","decl":{"start":{"line":162,"column":16},"end":{"line":162,"column":25}},"loc":{"start":{"line":162,"column":36},"end":{"line":170,"column":1}},"line":162},"17":{"name":"(anonymous_17)","decl":{"start":{"line":163,"column":16},"end":{"line":163,"column":17}},"loc":{"start":{"line":163,"column":22},"end":{"line":166,"column":5}},"line":163},"18":{"name":"findLoggedIn","decl":{"start":{"line":172,"column":16},"end":{"line":172,"column":28}},"loc":{"start":{"line":172,"column":30},"end":{"line":180,"column":1}},"line":172},"19":{"name":"getID","decl":{"start":{"line":182,"column":16},"end":{"line":182,"column":21}},"loc":{"start":{"line":182,"column":32},"end":{"line":185,"column":1}},"line":182},"20":{"name":"changeTypeDB","decl":{"start":{"line":187,"column":16},"end":{"line":187,"column":28}},"loc":{"start":{"line":187,"column":39},"end":{"line":193,"column":1}},"line":187},"21":{"name":"(anonymous_21)","decl":{"start":{"line":188,"column":16},"end":{"line":188,"column":17}},"loc":{"start":{"line":188,"column":22},"end":{"line":191,"column":5}},"line":188},"22":{"name":"getAccountTypeDB","decl":{"start":{"line":195,"column":16},"end":{"line":195,"column":32}},"loc":{"start":{"line":195,"column":43},"end":{"line":198,"column":1}},"line":195}},"branchMap":{"0":{"loc":{"start":{"line":16,"column":8},"end":{"line":33,"column":9}},"type":"if","locations":[{"start":{"line":16,"column":8},"end":{"line":33,"column":9}},{"start":{"line":31,"column":12},"end":{"line":33,"column":9}}],"line":16},"1":{"loc":{"start":{"line":45,"column":8},"end":{"line":60,"column":9}},"type":"if","locations":[{"start":{"line":45,"column":8},"end":{"line":60,"column":9}},{"start":{"line":53,"column":12},"end":{"line":60,"column":9}}],"line":45},"2":{"loc":{"start":{"line":46,"column":12},"end":{"line":51,"column":13}},"type":"if","locations":[{"start":{"line":46,"column":12},"end":{"line":51,"column":13}},{"start":{"line":49,"column":16},"end":{"line":51,"column":13}}],"line":46},"3":{"loc":{"start":{"line":54,"column":12},"end":{"line":59,"column":13}},"type":"if","locations":[{"start":{"line":54,"column":12},"end":{"line":59,"column":13}},{"start":{"line":57,"column":16},"end":{"line":59,"column":13}}],"line":54},"4":{"loc":{"start":{"line":73,"column":8},"end":{"line":75,"column":9}},"type":"if","locations":[{"start":{"line":73,"column":8},"end":{"line":75,"column":9}},{"start":{},"end":{}}],"line":73},"5":{"loc":{"start":{"line":91,"column":8},"end":{"line":93,"column":9}},"type":"if","locations":[{"start":{"line":91,"column":8},"end":{"line":93,"column":9}},{"start":{},"end":{}}],"line":91},"6":{"loc":{"start":{"line":105,"column":8},"end":{"line":107,"column":9}},"type":"if","locations":[{"start":{"line":105,"column":8},"end":{"line":107,"column":9}},{"start":{},"end":{}}],"line":105},"7":{"loc":{"start":{"line":121,"column":4},"end":{"line":123,"column":5}},"type":"if","locations":[{"start":{"line":121,"column":4},"end":{"line":123,"column":5}},{"start":{},"end":{}}],"line":121},"8":{"loc":{"start":{"line":131,"column":4},"end":{"line":133,"column":5}},"type":"if","locations":[{"start":{"line":131,"column":4},"end":{"line":133,"column":5}},{"start":{},"end":{}}],"line":131},"9":{"loc":{"start":{"line":142,"column":8},"end":{"line":144,"column":9}},"type":"if","locations":[{"start":{"line":142,"column":8},"end":{"line":144,"column":9}},{"start":{},"end":{}}],"line":142},"10":{"loc":{"start":{"line":157,"column":4},"end":{"line":159,"column":5}},"type":"if","locations":[{"start":{"line":157,"column":4},"end":{"line":159,"column":5}},{"start":{},"end":{}}],"line":157},"11":{"loc":{"start":{"line":167,"column":4},"end":{"line":169,"column":5}},"type":"if","locations":[{"start":{"line":167,"column":4},"end":{"line":169,"column":5}},{"start":{},"end":{}}],"line":167},"12":{"loc":{"start":{"line":175,"column":4},"end":{"line":179,"column":5}},"type":"if","locations":[{"start":{"line":175,"column":4},"end":{"line":179,"column":5}},{"start":{"line":177,"column":10},"end":{"line":179,"column":5}}],"line":175}},"s":{"0":3,"1":3,"2":13,"3":11,"4":11,"5":11,"6":2,"7":21,"8":21,"9":6,"10":4,"11":2,"12":15,"13":3,"14":12,"15":3,"16":3,"17":3,"18":2,"19":1,"20":2,"21":2,"22":2,"23":2,"24":2,"25":2,"26":2,"27":1,"28":1,"29":2,"30":2,"31":2,"32":2,"33":2,"34":3,"35":3,"36":3,"37":3,"38":3,"39":2,"40":2,"41":2,"42":2,"43":3,"44":3,"45":3,"46":3,"47":3,"48":1,"49":1,"50":1,"51":1,"52":1,"53":2,"54":2,"55":2,"56":2,"57":0,"58":2,"59":2,"60":2,"61":2,"62":2,"63":1,"64":2,"65":2},"f":{"0":3,"1":13,"2":11,"3":21,"4":3,"5":2,"6":2,"7":2,"8":2,"9":2,"10":3,"11":3,"12":2,"13":2,"14":3,"15":3,"16":1,"17":1,"18":2,"19":2,"20":2,"21":2,"22":2},"b":{"0":[11,2],"1":[6,15],"2":[4,2],"3":[3,12],"4":[2,1],"5":[2,0],"6":[1,1],"7":[2,0],"8":[3,0],"9":[2,0],"10":[3,0],"11":[1,0],"12":[2,0]},"_coverageSchema":"1a1c01bbd47fc00a2c39e90264f33305004495a9","hash":"bc1d0156e689243d006e5cbb5046f95f2eda009c"}
,"C:\\Users\\billy\\AndroidStudioProjects\\BABA-Repo\\BABA_App\\DAOs\\GameDao.js": {"path":"C:\\Users\\billy\\AndroidStudioProjects\\BABA-Repo\\BABA_App\\DAOs\\GameDao.js","statementMap":{"0":{"start":{"line":6,"column":15},"end":{"line":6,"column":57}},"1":{"start":{"line":7,"column":4},"end":{"line":7,"column":140}},"2":{"start":{"line":11,"column":4},"end":{"line":22,"column":7}},"3":{"start":{"line":12,"column":21},"end":{"line":20,"column":10}},"4":{"start":{"line":21,"column":8},"end":{"line":21,"column":17}},"5":{"start":{"line":27,"column":4},"end":{"line":41,"column":5}},"6":{"start":{"line":28,"column":8},"end":{"line":38,"column":10}},"7":{"start":{"line":29,"column":23},"end":{"line":29,"column":65}},"8":{"start":{"line":30,"column":12},"end":{"line":36,"column":13}},"9":{"start":{"line":31,"column":16},"end":{"line":31,"column":46}},"10":{"start":{"line":32,"column":19},"end":{"line":36,"column":13}},"11":{"start":{"line":33,"column":16},"end":{"line":33,"column":46}},"12":{"start":{"line":35,"column":16},"end":{"line":35,"column":25}},"13":{"start":{"line":37,"column":12},"end":{"line":37,"column":21}},"14":{"start":{"line":40,"column":8},"end":{"line":40,"column":17}},"15":{"start":{"line":45,"column":15},"end":{"line":45,"column":57}},"16":{"start":{"line":46,"column":4},"end":{"line":52,"column":5}},"17":{"start":{"line":47,"column":8},"end":{"line":47,"column":17}},"18":{"start":{"line":51,"column":8},"end":{"line":51,"column":17}},"19":{"start":{"line":55,"column":20},"end":{"line":57,"column":1}},"20":{"start":{"line":56,"column":4},"end":{"line":56,"column":33}},"21":{"start":{"line":59,"column":16},"end":{"line":61,"column":1}},"22":{"start":{"line":60,"column":4},"end":{"line":60,"column":45}},"23":{"start":{"line":63,"column":23},"end":{"line":67,"column":1}},"24":{"start":{"line":64,"column":4},"end":{"line":66,"column":6}},"25":{"start":{"line":65,"column":8},"end":{"line":65,"column":38}}},"fnMap":{"0":{"name":"getGameDB","decl":{"start":{"line":5,"column":16},"end":{"line":5,"column":25}},"loc":{"start":{"line":5,"column":34},"end":{"line":8,"column":1}},"line":5},"1":{"name":"insertDBGame","decl":{"start":{"line":10,"column":16},"end":{"line":10,"column":28}},"loc":{"start":{"line":10,"column":63},"end":{"line":24,"column":1}},"line":10},"2":{"name":"(anonymous_2)","decl":{"start":{"line":11,"column":16},"end":{"line":11,"column":17}},"loc":{"start":{"line":11,"column":22},"end":{"line":22,"column":5}},"line":11},"3":{"name":"addPointsDB","decl":{"start":{"line":26,"column":16},"end":{"line":26,"column":27}},"loc":{"start":{"line":26,"column":54},"end":{"line":42,"column":1}},"line":26},"4":{"name":"(anonymous_4)","decl":{"start":{"line":28,"column":20},"end":{"line":28,"column":21}},"loc":{"start":{"line":28,"column":26},"end":{"line":38,"column":9}},"line":28},"5":{"name":"findGame","decl":{"start":{"line":44,"column":16},"end":{"line":44,"column":24}},"loc":{"start":{"line":44,"column":33},"end":{"line":53,"column":1}},"line":44},"6":{"name":"(anonymous_6)","decl":{"start":{"line":55,"column":20},"end":{"line":55,"column":21}},"loc":{"start":{"line":55,"column":26},"end":{"line":57,"column":1}},"line":55},"7":{"name":"(anonymous_7)","decl":{"start":{"line":59,"column":16},"end":{"line":59,"column":17}},"loc":{"start":{"line":59,"column":22},"end":{"line":61,"column":1}},"line":59},"8":{"name":"(anonymous_8)","decl":{"start":{"line":63,"column":23},"end":{"line":63,"column":24}},"loc":{"start":{"line":63,"column":28},"end":{"line":67,"column":1}},"line":63},"9":{"name":"(anonymous_9)","decl":{"start":{"line":64,"column":16},"end":{"line":64,"column":17}},"loc":{"start":{"line":64,"column":22},"end":{"line":66,"column":5}},"line":64}},"branchMap":{"0":{"loc":{"start":{"line":27,"column":4},"end":{"line":41,"column":5}},"type":"if","locations":[{"start":{"line":27,"column":4},"end":{"line":41,"column":5}},{"start":{"line":39,"column":11},"end":{"line":41,"column":5}}],"line":27},"1":{"loc":{"start":{"line":30,"column":12},"end":{"line":36,"column":13}},"type":"if","locations":[{"start":{"line":30,"column":12},"end":{"line":36,"column":13}},{"start":{"line":32,"column":19},"end":{"line":36,"column":13}}],"line":30},"2":{"loc":{"start":{"line":32,"column":19},"end":{"line":36,"column":13}},"type":"if","locations":[{"start":{"line":32,"column":19},"end":{"line":36,"column":13}},{"start":{"line":34,"column":17},"end":{"line":36,"column":13}}],"line":32},"3":{"loc":{"start":{"line":46,"column":4},"end":{"line":52,"column":5}},"type":"if","locations":[{"start":{"line":46,"column":4},"end":{"line":52,"column":5}},{"start":{"line":49,"column":8},"end":{"line":52,"column":5}}],"line":46}},"s":{"0":1,"1":0,"2":0,"3":0,"4":0,"5":0,"6":0,"7":0,"8":0,"9":0,"10":0,"11":0,"12":0,"13":0,"14":0,"15":0,"16":0,"17":0,"18":0,"19":3,"20":1,"21":3,"22":1,"23":3,"24":1,"25":1},"f":{"0":1,"1":0,"2":0,"3":0,"4":0,"5":0,"6":1,"7":1,"8":1,"9":1},"b":{"0":[0,0],"1":[0,0],"2":[0,0],"3":[0,0]},"_coverageSchema":"1a1c01bbd47fc00a2c39e90264f33305004495a9","hash":"2aa8ecfafc0b55dc9a9892f02c30baeedd82ffbf"}
,"C:\\Users\\billy\\AndroidStudioProjects\\BABA-Repo\\BABA_App\\DAOs\\PlayerDao.js": {"path":"C:\\Users\\billy\\AndroidStudioProjects\\BABA-Repo\\BABA_App\\DAOs\\PlayerDao.js","statementMap":{"0":{"start":{"line":6,"column":8},"end":{"line":24,"column":11}},"1":{"start":{"line":7,"column":27},"end":{"line":23,"column":14}},"2":{"start":{"line":25,"column":4},"end":{"line":25,"column":13}},"3":{"start":{"line":29,"column":4},"end":{"line":29,"column":45}},"4":{"start":{"line":33,"column":17},"end":{"line":33,"column":57}},"5":{"start":{"line":34,"column":4},"end":{"line":34,"column":30}},"6":{"start":{"line":38,"column":4},"end":{"line":38,"column":72}},"7":{"start":{"line":42,"column":4},"end":{"line":42,"column":35}},"8":{"start":{"line":46,"column":17},"end":{"line":46,"column":57}},"9":{"start":{"line":47,"column":4},"end":{"line":52,"column":5}},"10":{"start":{"line":48,"column":8},"end":{"line":48,"column":17}},"11":{"start":{"line":51,"column":8},"end":{"line":51,"column":17}},"12":{"start":{"line":56,"column":17},"end":{"line":56,"column":57}},"13":{"start":{"line":57,"column":4},"end":{"line":57,"column":31}},"14":{"start":{"line":61,"column":17},"end":{"line":61,"column":57}},"15":{"start":{"line":62,"column":4},"end":{"line":62,"column":30}}},"fnMap":{"0":{"name":"addPlayerDB","decl":{"start":{"line":5,"column":16},"end":{"line":5,"column":27}},"loc":{"start":{"line":5,"column":71},"end":{"line":26,"column":1}},"line":5},"1":{"name":"(anonymous_1)","decl":{"start":{"line":6,"column":20},"end":{"line":6,"column":21}},"loc":{"start":{"line":6,"column":26},"end":{"line":24,"column":9}},"line":6},"2":{"name":"getNewIDDB","decl":{"start":{"line":28,"column":16},"end":{"line":28,"column":26}},"loc":{"start":{"line":28,"column":28},"end":{"line":30,"column":1}},"line":28},"3":{"name":"getTeam","decl":{"start":{"line":32,"column":16},"end":{"line":32,"column":23}},"loc":{"start":{"line":32,"column":28},"end":{"line":35,"column":1}},"line":32},"4":{"name":"getFreeAgents","decl":{"start":{"line":37,"column":16},"end":{"line":37,"column":29}},"loc":{"start":{"line":37,"column":31},"end":{"line":39,"column":1}},"line":37},"5":{"name":"getAllPlayers","decl":{"start":{"line":41,"column":16},"end":{"line":41,"column":29}},"loc":{"start":{"line":41,"column":31},"end":{"line":43,"column":1}},"line":41},"6":{"name":"findPlayer","decl":{"start":{"line":45,"column":16},"end":{"line":45,"column":26}},"loc":{"start":{"line":45,"column":31},"end":{"line":53,"column":1}},"line":45},"7":{"name":"getFirstNameDB","decl":{"start":{"line":55,"column":16},"end":{"line":55,"column":30}},"loc":{"start":{"line":55,"column":35},"end":{"line":58,"column":1}},"line":55},"8":{"name":"getLastNameDB","decl":{"start":{"line":60,"column":16},"end":{"line":60,"column":29}},"loc":{"start":{"line":60,"column":34},"end":{"line":63,"column":1}},"line":60}},"branchMap":{"0":{"loc":{"start":{"line":47,"column":4},"end":{"line":52,"column":5}},"type":"if","locations":[{"start":{"line":47,"column":4},"end":{"line":52,"column":5}},{"start":{"line":50,"column":8},"end":{"line":52,"column":5}}],"line":47}},"s":{"0":3,"1":3,"2":3,"3":1,"4":2,"5":2,"6":0,"7":0,"8":2,"9":2,"10":1,"11":1,"12":2,"13":2,"14":2,"15":2},"f":{"0":3,"1":3,"2":1,"3":2,"4":0,"5":0,"6":2,"7":2,"8":2},"b":{"0":[1,1]},"_coverageSchema":"1a1c01bbd47fc00a2c39e90264f33305004495a9","hash":"1d0576da751894fbb24ab83db4367dcef67b5b9a"}
,"C:\\Users\\billy\\AndroidStudioProjects\\BABA-Repo\\BABA_App\\DAOs\\SchemaDao.js": {"path":"C:\\Users\\billy\\AndroidStudioProjects\\BABA-Repo\\BABA_App\\DAOs\\SchemaDao.js","statementMap":{"0":{"start":{"line":5,"column":16},"end":{"line":71,"column":2}}},"fnMap":{},"branchMap":{},"s":{"0":12},"f":{},"b":{},"_coverageSchema":"1a1c01bbd47fc00a2c39e90264f33305004495a9","hash":"fcd56fd14b631e4242b8512b855fb3500759d58d"}
,"C:\\Users\\billy\\AndroidStudioProjects\\BABA-Repo\\BABA_App\\DAOs\\TeamDao.js": {"path":"C:\\Users\\billy\\AndroidStudioProjects\\BABA-Repo\\BABA_App\\DAOs\\TeamDao.js","statementMap":{"0":{"start":{"line":32,"column":19},"end":{"line":42,"column":1}},"1":{"start":{"line":33,"column":4},"end":{"line":41,"column":7}},"2":{"start":{"line":34,"column":21},"end":{"line":40,"column":10}},"3":{"start":{"line":45,"column":20},"end":{"line":47,"column":1}},"4":{"start":{"line":46,"column":4},"end":{"line":46,"column":33}},"5":{"start":{"line":50,"column":16},"end":{"line":52,"column":1}},"6":{"start":{"line":51,"column":4},"end":{"line":51,"column":29}},"7":{"start":{"line":55,"column":16},"end":{"line":59,"column":1}},"8":{"start":{"line":56,"column":15},"end":{"line":56,"column":59}},"9":{"start":{"line":58,"column":4},"end":{"line":58,"column":16}},"10":{"start":{"line":62,"column":19},"end":{"line":66,"column":1}},"11":{"start":{"line":63,"column":4},"end":{"line":65,"column":6}},"12":{"start":{"line":64,"column":8},"end":{"line":64,"column":89}},"13":{"start":{"line":64,"column":56},"end":{"line":64,"column":86}},"14":{"start":{"line":69,"column":23},"end":{"line":73,"column":1}},"15":{"start":{"line":70,"column":4},"end":{"line":72,"column":6}},"16":{"start":{"line":71,"column":8},"end":{"line":71,"column":38}},"17":{"start":{"line":76,"column":19},"end":{"line":79,"column":1}},"18":{"start":{"line":77,"column":15},"end":{"line":77,"column":34}},"19":{"start":{"line":78,"column":4},"end":{"line":78,"column":28}},"20":{"start":{"line":82,"column":19},"end":{"line":85,"column":1}},"21":{"start":{"line":83,"column":15},"end":{"line":83,"column":34}},"22":{"start":{"line":84,"column":4},"end":{"line":84,"column":24}},"23":{"start":{"line":88,"column":21},"end":{"line":91,"column":1}},"24":{"start":{"line":89,"column":15},"end":{"line":89,"column":34}},"25":{"start":{"line":90,"column":4},"end":{"line":90,"column":28}},"26":{"start":{"line":94,"column":19},"end":{"line":97,"column":1}},"27":{"start":{"line":95,"column":15},"end":{"line":95,"column":34}},"28":{"start":{"line":96,"column":4},"end":{"line":96,"column":24}}},"fnMap":{"0":{"name":"(anonymous_0)","decl":{"start":{"line":32,"column":19},"end":{"line":32,"column":20}},"loc":{"start":{"line":32,"column":67},"end":{"line":42,"column":1}},"line":32},"1":{"name":"(anonymous_1)","decl":{"start":{"line":33,"column":16},"end":{"line":33,"column":17}},"loc":{"start":{"line":33,"column":22},"end":{"line":41,"column":5}},"line":33},"2":{"name":"(anonymous_2)","decl":{"start":{"line":45,"column":20},"end":{"line":45,"column":21}},"loc":{"start":{"line":45,"column":26},"end":{"line":47,"column":1}},"line":45},"3":{"name":"(anonymous_3)","decl":{"start":{"line":50,"column":16},"end":{"line":50,"column":17}},"loc":{"start":{"line":50,"column":22},"end":{"line":52,"column":1}},"line":50},"4":{"name":"(anonymous_4)","decl":{"start":{"line":55,"column":16},"end":{"line":55,"column":17}},"loc":{"start":{"line":55,"column":31},"end":{"line":59,"column":1}},"line":55},"5":{"name":"(anonymous_5)","decl":{"start":{"line":62,"column":19},"end":{"line":62,"column":20}},"loc":{"start":{"line":62,"column":34},"end":{"line":66,"column":1}},"line":62},"6":{"name":"(anonymous_6)","decl":{"start":{"line":63,"column":16},"end":{"line":63,"column":17}},"loc":{"start":{"line":63,"column":22},"end":{"line":65,"column":5}},"line":63},"7":{"name":"(anonymous_7)","decl":{"start":{"line":64,"column":44},"end":{"line":64,"column":45}},"loc":{"start":{"line":64,"column":56},"end":{"line":64,"column":86}},"line":64},"8":{"name":"(anonymous_8)","decl":{"start":{"line":69,"column":23},"end":{"line":69,"column":24}},"loc":{"start":{"line":69,"column":28},"end":{"line":73,"column":1}},"line":69},"9":{"name":"(anonymous_9)","decl":{"start":{"line":70,"column":16},"end":{"line":70,"column":17}},"loc":{"start":{"line":70,"column":22},"end":{"line":72,"column":5}},"line":70},"10":{"name":"(anonymous_10)","decl":{"start":{"line":76,"column":19},"end":{"line":76,"column":20}},"loc":{"start":{"line":76,"column":42},"end":{"line":79,"column":1}},"line":76},"11":{"name":"(anonymous_11)","decl":{"start":{"line":82,"column":19},"end":{"line":82,"column":20}},"loc":{"start":{"line":82,"column":42},"end":{"line":85,"column":1}},"line":82},"12":{"name":"(anonymous_12)","decl":{"start":{"line":88,"column":21},"end":{"line":88,"column":22}},"loc":{"start":{"line":88,"column":46},"end":{"line":91,"column":1}},"line":88},"13":{"name":"(anonymous_13)","decl":{"start":{"line":94,"column":19},"end":{"line":94,"column":20}},"loc":{"start":{"line":94,"column":42},"end":{"line":97,"column":1}},"line":94}},"branchMap":{},"s":{"0":4,"1":3,"2":3,"3":4,"4":4,"5":4,"6":2,"7":4,"8":0,"9":0,"10":4,"11":1,"12":1,"13":3,"14":4,"15":2,"16":2,"17":4,"18":0,"19":0,"20":4,"21":0,"22":0,"23":4,"24":0,"25":0,"26":4,"27":0,"28":0},"f":{"0":3,"1":3,"2":4,"3":2,"4":0,"5":1,"6":1,"7":3,"8":2,"9":2,"10":0,"11":0,"12":0,"13":0},"b":{},"_coverageSchema":"1a1c01bbd47fc00a2c39e90264f33305004495a9","hash":"e287b78054c047cfe73788fd26413933569c68b0"}
,"C:\\Users\\billy\\AndroidStudioProjects\\BABA-Repo\\BABA_App\\Objects\\AccountCont.js": {"path":"C:\\Users\\billy\\AndroidStudioProjects\\BABA-Repo\\BABA_App\\Objects\\AccountCont.js","statementMap":{"0":{"start":{"line":6,"column":8},"end":{"line":6,"column":33}},"1":{"start":{"line":7,"column":8},"end":{"line":7,"column":27}},"2":{"start":{"line":8,"column":8},"end":{"line":8,"column":33}},"3":{"start":{"line":9,"column":8},"end":{"line":9,"column":39}},"4":{"start":{"line":10,"column":8},"end":{"line":10,"column":37}},"5":{"start":{"line":11,"column":8},"end":{"line":11,"column":35}},"6":{"start":{"line":12,"column":8},"end":{"line":12,"column":33}},"7":{"start":{"line":16,"column":8},"end":{"line":16,"column":71}},"8":{"start":{"line":20,"column":8},"end":{"line":20,"column":48}},"9":{"start":{"line":23,"column":8},"end":{"line":23,"column":59}},"10":{"start":{"line":26,"column":19},"end":{"line":26,"column":58}},"11":{"start":{"line":27,"column":8},"end":{"line":27,"column":31}},"12":{"start":{"line":28,"column":18},"end":{"line":28,"column":38}},"13":{"start":{"line":29,"column":18},"end":{"line":29,"column":56}},"14":{"start":{"line":30,"column":22},"end":{"line":30,"column":132}},"15":{"start":{"line":31,"column":8},"end":{"line":31,"column":19}},"16":{"start":{"line":32,"column":8},"end":{"line":32,"column":23}},"17":{"start":{"line":33,"column":8},"end":{"line":33,"column":36}},"18":{"start":{"line":34,"column":8},"end":{"line":34,"column":36}},"19":{"start":{"line":37,"column":8},"end":{"line":37,"column":46}},"20":{"start":{"line":40,"column":8},"end":{"line":40,"column":57}},"21":{"start":{"line":43,"column":8},"end":{"line":43,"column":44}},"22":{"start":{"line":46,"column":8},"end":{"line":46,"column":27}},"23":{"start":{"line":49,"column":8},"end":{"line":49,"column":39}},"24":{"start":{"line":52,"column":22},"end":{"line":52,"column":49}},"25":{"start":{"line":53,"column":18},"end":{"line":53,"column":41}},"26":{"start":{"line":54,"column":18},"end":{"line":54,"column":50}},"27":{"start":{"line":55,"column":22},"end":{"line":55,"column":87}},"28":{"start":{"line":56,"column":8},"end":{"line":56,"column":19}},"29":{"start":{"line":57,"column":8},"end":{"line":57,"column":23}},"30":{"start":{"line":58,"column":8},"end":{"line":58,"column":36}},"31":{"start":{"line":61,"column":8},"end":{"line":61,"column":36}},"32":{"start":{"line":64,"column":8},"end":{"line":64,"column":43}},"33":{"start":{"line":69,"column":8},"end":{"line":69,"column":43}},"34":{"start":{"line":73,"column":8},"end":{"line":73,"column":47}},"35":{"start":{"line":78,"column":8},"end":{"line":78,"column":37}},"36":{"start":{"line":79,"column":8},"end":{"line":79,"column":34}},"37":{"start":{"line":80,"column":8},"end":{"line":80,"column":28}},"38":{"start":{"line":81,"column":8},"end":{"line":81,"column":34}},"39":{"start":{"line":82,"column":8},"end":{"line":82,"column":39}},"40":{"start":{"line":83,"column":8},"end":{"line":83,"column":38}},"41":{"start":{"line":84,"column":8},"end":{"line":84,"column":36}},"42":{"start":{"line":85,"column":8},"end":{"line":85,"column":71}}},"fnMap":{"0":{"name":"(anonymous_0)","decl":{"start":{"line":5,"column":4},"end":{"line":5,"column":5}},"loc":{"start":{"line":5,"column":88},"end":{"line":13,"column":5}},"line":5},"1":{"name":"(anonymous_1)","decl":{"start":{"line":15,"column":4},"end":{"line":15,"column":5}},"loc":{"start":{"line":15,"column":12},"end":{"line":17,"column":5}},"line":15},"2":{"name":"(anonymous_2)","decl":{"start":{"line":19,"column":4},"end":{"line":19,"column":5}},"loc":{"start":{"line":19,"column":12},"end":{"line":21,"column":5}},"line":19},"3":{"name":"(anonymous_3)","decl":{"start":{"line":22,"column":4},"end":{"line":22,"column":5}},"loc":{"start":{"line":22,"column":15},"end":{"line":24,"column":5}},"line":22},"4":{"name":"(anonymous_4)","decl":{"start":{"line":25,"column":4},"end":{"line":25,"column":5}},"loc":{"start":{"line":25,"column":15},"end":{"line":35,"column":5}},"line":25},"5":{"name":"(anonymous_5)","decl":{"start":{"line":36,"column":4},"end":{"line":36,"column":5}},"loc":{"start":{"line":36,"column":22},"end":{"line":38,"column":5}},"line":36},"6":{"name":"(anonymous_6)","decl":{"start":{"line":39,"column":4},"end":{"line":39,"column":5}},"loc":{"start":{"line":39,"column":28},"end":{"line":41,"column":5}},"line":39},"7":{"name":"(anonymous_7)","decl":{"start":{"line":42,"column":4},"end":{"line":42,"column":5}},"loc":{"start":{"line":42,"column":19},"end":{"line":44,"column":5}},"line":42},"8":{"name":"(anonymous_8)","decl":{"start":{"line":45,"column":4},"end":{"line":45,"column":5}},"loc":{"start":{"line":45,"column":15},"end":{"line":47,"column":5}},"line":45},"9":{"name":"(anonymous_9)","decl":{"start":{"line":48,"column":4},"end":{"line":48,"column":5}},"loc":{"start":{"line":48,"column":18},"end":{"line":50,"column":5}},"line":48},"10":{"name":"(anonymous_10)","decl":{"start":{"line":51,"column":4},"end":{"line":51,"column":5}},"loc":{"start":{"line":51,"column":18},"end":{"line":59,"column":5}},"line":51},"11":{"name":"(anonymous_11)","decl":{"start":{"line":60,"column":4},"end":{"line":60,"column":5}},"loc":{"start":{"line":60,"column":17},"end":{"line":62,"column":5}},"line":60},"12":{"name":"(anonymous_12)","decl":{"start":{"line":63,"column":4},"end":{"line":63,"column":5}},"loc":{"start":{"line":63,"column":16},"end":{"line":65,"column":5}},"line":63},"13":{"name":"(anonymous_13)","decl":{"start":{"line":68,"column":4},"end":{"line":68,"column":5}},"loc":{"start":{"line":68,"column":16},"end":{"line":70,"column":5}},"line":68},"14":{"name":"(anonymous_14)","decl":{"start":{"line":72,"column":4},"end":{"line":72,"column":5}},"loc":{"start":{"line":72,"column":20},"end":{"line":74,"column":5}},"line":72},"15":{"name":"(anonymous_15)","decl":{"start":{"line":77,"column":4},"end":{"line":77,"column":5}},"loc":{"start":{"line":77,"column":83},"end":{"line":86,"column":5}},"line":77}},"branchMap":{},"s":{"0":8,"1":8,"2":8,"3":8,"4":8,"5":8,"6":8,"7":2,"8":1,"9":1,"10":1,"11":1,"12":1,"13":1,"14":1,"15":1,"16":1,"17":1,"18":1,"19":0,"20":1,"21":1,"22":1,"23":1,"24":1,"25":1,"26":1,"27":1,"28":1,"29":1,"30":1,"31":1,"32":1,"33":1,"34":1,"35":1,"36":1,"37":1,"38":1,"39":1,"40":1,"41":1,"42":1},"f":{"0":8,"1":2,"2":1,"3":1,"4":1,"5":0,"6":1,"7":1,"8":1,"9":1,"10":1,"11":1,"12":1,"13":1,"14":1,"15":1},"b":{},"_coverageSchema":"1a1c01bbd47fc00a2c39e90264f33305004495a9","hash":"4fd4298ebb0cbc897c39e274643f59e9c3737061"}
,"C:\\Users\\billy\\AndroidStudioProjects\\BABA-Repo\\BABA_App\\Objects\\GameCont.js": {"path":"C:\\Users\\billy\\AndroidStudioProjects\\BABA-Repo\\BABA_App\\Objects\\GameCont.js","statementMap":{"0":{"start":{"line":6,"column":8},"end":{"line":6,"column":31}},"1":{"start":{"line":7,"column":8},"end":{"line":7,"column":31}},"2":{"start":{"line":8,"column":8},"end":{"line":8,"column":25}},"3":{"start":{"line":9,"column":8},"end":{"line":9,"column":32}},"4":{"start":{"line":10,"column":8},"end":{"line":10,"column":37}},"5":{"start":{"line":11,"column":8},"end":{"line":11,"column":37}},"6":{"start":{"line":12,"column":8},"end":{"line":16,"column":9}},"7":{"start":{"line":13,"column":12},"end":{"line":13,"column":54}},"8":{"start":{"line":15,"column":12},"end":{"line":15,"column":33}},"9":{"start":{"line":20,"column":21},"end":{"line":20,"column":61}},"10":{"start":{"line":21,"column":8},"end":{"line":33,"column":9}},"11":{"start":{"line":22,"column":12},"end":{"line":22,"column":33}},"12":{"start":{"line":23,"column":12},"end":{"line":23,"column":21}},"13":{"start":{"line":24,"column":14},"end":{"line":33,"column":9}},"14":{"start":{"line":25,"column":12},"end":{"line":25,"column":33}},"15":{"start":{"line":26,"column":12},"end":{"line":26,"column":21}},"16":{"start":{"line":27,"column":14},"end":{"line":33,"column":9}},"17":{"start":{"line":28,"column":12},"end":{"line":28,"column":33}},"18":{"start":{"line":29,"column":12},"end":{"line":29,"column":21}},"19":{"start":{"line":30,"column":14},"end":{"line":33,"column":9}},"20":{"start":{"line":31,"column":12},"end":{"line":31,"column":33}},"21":{"start":{"line":32,"column":12},"end":{"line":32,"column":21}},"22":{"start":{"line":34,"column":8},"end":{"line":34,"column":28}},"23":{"start":{"line":35,"column":8},"end":{"line":35,"column":28}},"24":{"start":{"line":36,"column":8},"end":{"line":36,"column":17}},"25":{"start":{"line":40,"column":8},"end":{"line":40,"column":27}},"26":{"start":{"line":44,"column":8},"end":{"line":44,"column":26}},"27":{"start":{"line":48,"column":8},"end":{"line":48,"column":26}},"28":{"start":{"line":52,"column":8},"end":{"line":52,"column":25}},"29":{"start":{"line":56,"column":8},"end":{"line":56,"column":30}},"30":{"start":{"line":60,"column":8},"end":{"line":60,"column":31}},"31":{"start":{"line":64,"column":8},"end":{"line":64,"column":31}}},"fnMap":{"0":{"name":"(anonymous_0)","decl":{"start":{"line":5,"column":4},"end":{"line":5,"column":5}},"loc":{"start":{"line":5,"column":83},"end":{"line":17,"column":5}},"line":5},"1":{"name":"(anonymous_1)","decl":{"start":{"line":19,"column":4},"end":{"line":19,"column":5}},"loc":{"start":{"line":19,"column":29},"end":{"line":37,"column":5}},"line":19},"2":{"name":"(anonymous_2)","decl":{"start":{"line":39,"column":4},"end":{"line":39,"column":5}},"loc":{"start":{"line":39,"column":15},"end":{"line":41,"column":5}},"line":39},"3":{"name":"(anonymous_3)","decl":{"start":{"line":43,"column":4},"end":{"line":43,"column":5}},"loc":{"start":{"line":43,"column":18},"end":{"line":45,"column":5}},"line":43},"4":{"name":"(anonymous_4)","decl":{"start":{"line":47,"column":4},"end":{"line":47,"column":5}},"loc":{"start":{"line":47,"column":18},"end":{"line":49,"column":5}},"line":47},"5":{"name":"(anonymous_5)","decl":{"start":{"line":51,"column":4},"end":{"line":51,"column":5}},"loc":{"start":{"line":51,"column":13},"end":{"line":53,"column":5}},"line":51},"6":{"name":"(anonymous_6)","decl":{"start":{"line":55,"column":4},"end":{"line":55,"column":5}},"loc":{"start":{"line":55,"column":18},"end":{"line":57,"column":5}},"line":55},"7":{"name":"(anonymous_7)","decl":{"start":{"line":59,"column":4},"end":{"line":59,"column":5}},"loc":{"start":{"line":59,"column":19},"end":{"line":61,"column":5}},"line":59},"8":{"name":"(anonymous_8)","decl":{"start":{"line":63,"column":4},"end":{"line":63,"column":5}},"loc":{"start":{"line":63,"column":19},"end":{"line":65,"column":5}},"line":63}},"branchMap":{"0":{"loc":{"start":{"line":12,"column":8},"end":{"line":16,"column":9}},"type":"if","locations":[{"start":{"line":12,"column":8},"end":{"line":16,"column":9}},{"start":{"line":14,"column":13},"end":{"line":16,"column":9}}],"line":12},"1":{"loc":{"start":{"line":21,"column":8},"end":{"line":33,"column":9}},"type":"if","locations":[{"start":{"line":21,"column":8},"end":{"line":33,"column":9}},{"start":{"line":24,"column":14},"end":{"line":33,"column":9}}],"line":21},"2":{"loc":{"start":{"line":21,"column":11},"end":{"line":21,"column":52}},"type":"binary-expr","locations":[{"start":{"line":21,"column":11},"end":{"line":21,"column":22}},{"start":{"line":21,"column":26},"end":{"line":21,"column":37}},{"start":{"line":21,"column":41},"end":{"line":21,"column":52}}],"line":21},"3":{"loc":{"start":{"line":24,"column":14},"end":{"line":33,"column":9}},"type":"if","locations":[{"start":{"line":24,"column":14},"end":{"line":33,"column":9}},{"start":{"line":27,"column":14},"end":{"line":33,"column":9}}],"line":24},"4":{"loc":{"start":{"line":24,"column":17},"end":{"line":24,"column":59}},"type":"binary-expr","locations":[{"start":{"line":24,"column":17},"end":{"line":24,"column":28}},{"start":{"line":24,"column":32},"end":{"line":24,"column":44}},{"start":{"line":24,"column":48},"end":{"line":24,"column":59}}],"line":24},"5":{"loc":{"start":{"line":27,"column":14},"end":{"line":33,"column":9}},"type":"if","locations":[{"start":{"line":27,"column":14},"end":{"line":33,"column":9}},{"start":{"line":30,"column":14},"end":{"line":33,"column":9}}],"line":27},"6":{"loc":{"start":{"line":27,"column":17},"end":{"line":27,"column":58}},"type":"binary-expr","locations":[{"start":{"line":27,"column":17},"end":{"line":27,"column":28}},{"start":{"line":27,"column":32},"end":{"line":27,"column":43}},{"start":{"line":27,"column":47},"end":{"line":27,"column":58}}],"line":27},"7":{"loc":{"start":{"line":30,"column":14},"end":{"line":33,"column":9}},"type":"if","locations":[{"start":{"line":30,"column":14},"end":{"line":33,"column":9}},{"start":{},"end":{}}],"line":30},"8":{"loc":{"start":{"line":30,"column":17},"end":{"line":30,"column":59}},"type":"binary-expr","locations":[{"start":{"line":30,"column":17},"end":{"line":30,"column":28}},{"start":{"line":30,"column":32},"end":{"line":30,"column":44}},{"start":{"line":30,"column":48},"end":{"line":30,"column":59}}],"line":30}},"s":{"0":2,"1":2,"2":2,"3":2,"4":2,"5":2,"6":2,"7":0,"8":2,"9":0,"10":0,"11":0,"12":0,"13":0,"14":0,"15":0,"16":0,"17":0,"18":0,"19":0,"20":0,"21":0,"22":0,"23":0,"24":0,"25":0,"26":1,"27":1,"28":1,"29":1,"30":0,"31":0},"f":{"0":2,"1":0,"2":0,"3":1,"4":1,"5":1,"6":1,"7":0,"8":0},"b":{"0":[0,2],"1":[0,0],"2":[0,0,0],"3":[0,0],"4":[0,0,0],"5":[0,0],"6":[0,0,0],"7":[0,0],"8":[0,0,0]},"_coverageSchema":"1a1c01bbd47fc00a2c39e90264f33305004495a9","hash":"a19f7d91fdf1bd2e6ca2597a12ec79d37d68d3bf"}
,"C:\\Users\\billy\\AndroidStudioProjects\\BABA-Repo\\BABA_App\\Objects\\PlayerCont.js": {"path":"C:\\Users\\billy\\AndroidStudioProjects\\BABA-Repo\\BABA_App\\Objects\\PlayerCont.js","statementMap":{"0":{"start":{"line":8,"column":8},"end":{"line":8,"column":21}},"1":{"start":{"line":9,"column":8},"end":{"line":9,"column":35}},"2":{"start":{"line":10,"column":8},"end":{"line":10,"column":33}},"3":{"start":{"line":11,"column":8},"end":{"line":11,"column":29}},"4":{"start":{"line":12,"column":8},"end":{"line":12,"column":23}},"5":{"start":{"line":13,"column":8},"end":{"line":13,"column":29}},"6":{"start":{"line":14,"column":8},"end":{"line":14,"column":29}},"7":{"start":{"line":15,"column":8},"end":{"line":15,"column":33}},"8":{"start":{"line":16,"column":8},"end":{"line":16,"column":31}},"9":{"start":{"line":17,"column":8},"end":{"line":17,"column":29}},"10":{"start":{"line":18,"column":8},"end":{"line":18,"column":29}},"11":{"start":{"line":19,"column":8},"end":{"line":19,"column":27}},"12":{"start":{"line":20,"column":8},"end":{"line":20,"column":35}},"13":{"start":{"line":21,"column":8},"end":{"line":21,"column":32}},"14":{"start":{"line":25,"column":8},"end":{"line":25,"column":103}},"15":{"start":{"line":29,"column":8},"end":{"line":29,"column":32}},"16":{"start":{"line":34,"column":8},"end":{"line":34,"column":188}},"17":{"start":{"line":39,"column":8},"end":{"line":39,"column":23}},"18":{"start":{"line":42,"column":8},"end":{"line":42,"column":39}},"19":{"start":{"line":45,"column":8},"end":{"line":45,"column":38}},"20":{"start":{"line":48,"column":8},"end":{"line":48,"column":27}},"21":{"start":{"line":51,"column":8},"end":{"line":51,"column":24}},"22":{"start":{"line":54,"column":8},"end":{"line":54,"column":27}},"23":{"start":{"line":57,"column":8},"end":{"line":57,"column":27}},"24":{"start":{"line":60,"column":8},"end":{"line":60,"column":29}},"25":{"start":{"line":63,"column":8},"end":{"line":63,"column":28}},"26":{"start":{"line":66,"column":8},"end":{"line":66,"column":27}},"27":{"start":{"line":69,"column":8},"end":{"line":69,"column":27}},"28":{"start":{"line":72,"column":8},"end":{"line":72,"column":26}},"29":{"start":{"line":75,"column":8},"end":{"line":75,"column":30}}},"fnMap":{"0":{"name":"(anonymous_0)","decl":{"start":{"line":7,"column":4},"end":{"line":7,"column":5}},"loc":{"start":{"line":7,"column":132},"end":{"line":22,"column":5}},"line":7},"1":{"name":"(anonymous_1)","decl":{"start":{"line":24,"column":4},"end":{"line":24,"column":5}},"loc":{"start":{"line":24,"column":18},"end":{"line":26,"column":5}},"line":24},"2":{"name":"(anonymous_2)","decl":{"start":{"line":28,"column":4},"end":{"line":28,"column":5}},"loc":{"start":{"line":28,"column":17},"end":{"line":30,"column":5}},"line":28},"3":{"name":"(anonymous_3)","decl":{"start":{"line":33,"column":4},"end":{"line":33,"column":5}},"loc":{"start":{"line":33,"column":16},"end":{"line":35,"column":5}},"line":33},"4":{"name":"(anonymous_4)","decl":{"start":{"line":38,"column":4},"end":{"line":38,"column":5}},"loc":{"start":{"line":38,"column":11},"end":{"line":40,"column":5}},"line":38},"5":{"name":"(anonymous_5)","decl":{"start":{"line":41,"column":4},"end":{"line":41,"column":5}},"loc":{"start":{"line":41,"column":18},"end":{"line":43,"column":5}},"line":41},"6":{"name":"(anonymous_6)","decl":{"start":{"line":44,"column":4},"end":{"line":44,"column":5}},"loc":{"start":{"line":44,"column":17},"end":{"line":46,"column":5}},"line":44},"7":{"name":"(anonymous_7)","decl":{"start":{"line":47,"column":4},"end":{"line":47,"column":5}},"loc":{"start":{"line":47,"column":15},"end":{"line":49,"column":5}},"line":47},"8":{"name":"(anonymous_8)","decl":{"start":{"line":50,"column":4},"end":{"line":50,"column":5}},"loc":{"start":{"line":50,"column":12},"end":{"line":52,"column":5}},"line":50},"9":{"name":"(anonymous_9)","decl":{"start":{"line":53,"column":4},"end":{"line":53,"column":5}},"loc":{"start":{"line":53,"column":15},"end":{"line":55,"column":5}},"line":53},"10":{"name":"(anonymous_10)","decl":{"start":{"line":56,"column":4},"end":{"line":56,"column":5}},"loc":{"start":{"line":56,"column":15},"end":{"line":58,"column":5}},"line":56},"11":{"name":"(anonymous_11)","decl":{"start":{"line":59,"column":4},"end":{"line":59,"column":5}},"loc":{"start":{"line":59,"column":17},"end":{"line":61,"column":5}},"line":59},"12":{"name":"(anonymous_12)","decl":{"start":{"line":62,"column":4},"end":{"line":62,"column":5}},"loc":{"start":{"line":62,"column":16},"end":{"line":64,"column":5}},"line":62},"13":{"name":"(anonymous_13)","decl":{"start":{"line":65,"column":4},"end":{"line":65,"column":5}},"loc":{"start":{"line":65,"column":15},"end":{"line":67,"column":5}},"line":65},"14":{"name":"(anonymous_14)","decl":{"start":{"line":68,"column":4},"end":{"line":68,"column":5}},"loc":{"start":{"line":68,"column":15},"end":{"line":70,"column":5}},"line":68},"15":{"name":"(anonymous_15)","decl":{"start":{"line":71,"column":4},"end":{"line":71,"column":5}},"loc":{"start":{"line":71,"column":14},"end":{"line":73,"column":5}},"line":71},"16":{"name":"(anonymous_16)","decl":{"start":{"line":74,"column":4},"end":{"line":74,"column":5}},"loc":{"start":{"line":74,"column":18},"end":{"line":76,"column":5}},"line":74}},"branchMap":{},"s":{"0":1,"1":1,"2":1,"3":1,"4":1,"5":1,"6":1,"7":1,"8":1,"9":1,"10":1,"11":1,"12":1,"13":1,"14":1,"15":1,"16":1,"17":1,"18":1,"19":1,"20":1,"21":1,"22":1,"23":1,"24":1,"25":1,"26":1,"27":1,"28":1,"29":1},"f":{"0":1,"1":1,"2":1,"3":1,"4":1,"5":1,"6":1,"7":1,"8":1,"9":1,"10":1,"11":1,"12":1,"13":1,"14":1,"15":1,"16":1},"b":{},"_coverageSchema":"1a1c01bbd47fc00a2c39e90264f33305004495a9","hash":"0cbed04f57dd8b227966c00931042650c522eddb"}
,"C:\\Users\\billy\\AndroidStudioProjects\\BABA-Repo\\BABA_App\\Objects\\Team.js": {"path":"C:\\Users\\billy\\AndroidStudioProjects\\BABA-Repo\\BABA_App\\Objects\\Team.js","statementMap":{"0":{"start":{"line":6,"column":8},"end":{"line":6,"column":33}},"1":{"start":{"line":7,"column":8},"end":{"line":7,"column":29}},"2":{"start":{"line":8,"column":8},"end":{"line":8,"column":25}},"3":{"start":{"line":9,"column":8},"end":{"line":9,"column":29}},"4":{"start":{"line":10,"column":8},"end":{"line":10,"column":25}},"5":{"start":{"line":11,"column":8},"end":{"line":11,"column":31}},"6":{"start":{"line":13,"column":8},"end":{"line":13,"column":50}},"7":{"start":{"line":18,"column":8},"end":{"line":18,"column":79}},"8":{"start":{"line":23,"column":8},"end":{"line":23,"column":29}},"9":{"start":{"line":27,"column":8},"end":{"line":27,"column":25}},"10":{"start":{"line":31,"column":8},"end":{"line":31,"column":27}},"11":{"start":{"line":35,"column":8},"end":{"line":35,"column":25}},"12":{"start":{"line":39,"column":8},"end":{"line":39,"column":28}},"13":{"start":{"line":44,"column":8},"end":{"line":44,"column":32}},"14":{"start":{"line":45,"column":8},"end":{"line":45,"column":30}},"15":{"start":{"line":49,"column":8},"end":{"line":49,"column":28}},"16":{"start":{"line":50,"column":8},"end":{"line":50,"column":30}},"17":{"start":{"line":54,"column":8},"end":{"line":54,"column":30}},"18":{"start":{"line":55,"column":8},"end":{"line":55,"column":34}},"19":{"start":{"line":59,"column":8},"end":{"line":59,"column":28}},"20":{"start":{"line":60,"column":8},"end":{"line":60,"column":30}},"21":{"start":{"line":65,"column":8},"end":{"line":65,"column":32}},"22":{"start":{"line":66,"column":8},"end":{"line":66,"column":31}},"23":{"start":{"line":70,"column":8},"end":{"line":70,"column":29}},"24":{"start":{"line":71,"column":8},"end":{"line":71,"column":25}},"25":{"start":{"line":72,"column":8},"end":{"line":72,"column":27}},"26":{"start":{"line":73,"column":8},"end":{"line":73,"column":25}},"27":{"start":{"line":74,"column":8},"end":{"line":74,"column":28}},"28":{"start":{"line":75,"column":8},"end":{"line":75,"column":32}}},"fnMap":{"0":{"name":"(anonymous_0)","decl":{"start":{"line":5,"column":4},"end":{"line":5,"column":5}},"loc":{"start":{"line":5,"column":54},"end":{"line":14,"column":5}},"line":5},"1":{"name":"(anonymous_1)","decl":{"start":{"line":17,"column":4},"end":{"line":17,"column":5}},"loc":{"start":{"line":17,"column":13},"end":{"line":19,"column":5}},"line":17},"2":{"name":"(anonymous_2)","decl":{"start":{"line":22,"column":4},"end":{"line":22,"column":5}},"loc":{"start":{"line":22,"column":13},"end":{"line":24,"column":5}},"line":22},"3":{"name":"(anonymous_3)","decl":{"start":{"line":26,"column":4},"end":{"line":26,"column":5}},"loc":{"start":{"line":26,"column":13},"end":{"line":28,"column":5}},"line":26},"4":{"name":"(anonymous_4)","decl":{"start":{"line":30,"column":4},"end":{"line":30,"column":5}},"loc":{"start":{"line":30,"column":15},"end":{"line":32,"column":5}},"line":30},"5":{"name":"(anonymous_5)","decl":{"start":{"line":34,"column":4},"end":{"line":34,"column":5}},"loc":{"start":{"line":34,"column":13},"end":{"line":36,"column":5}},"line":34},"6":{"name":"(anonymous_6)","decl":{"start":{"line":38,"column":4},"end":{"line":38,"column":5}},"loc":{"start":{"line":38,"column":16},"end":{"line":40,"column":5}},"line":38},"7":{"name":"(anonymous_7)","decl":{"start":{"line":43,"column":4},"end":{"line":43,"column":5}},"loc":{"start":{"line":43,"column":27},"end":{"line":46,"column":5}},"line":43},"8":{"name":"(anonymous_8)","decl":{"start":{"line":48,"column":4},"end":{"line":48,"column":5}},"loc":{"start":{"line":48,"column":23},"end":{"line":51,"column":5}},"line":48},"9":{"name":"(anonymous_9)","decl":{"start":{"line":53,"column":4},"end":{"line":53,"column":5}},"loc":{"start":{"line":53,"column":27},"end":{"line":56,"column":5}},"line":53},"10":{"name":"(anonymous_10)","decl":{"start":{"line":58,"column":4},"end":{"line":58,"column":5}},"loc":{"start":{"line":58,"column":23},"end":{"line":61,"column":5}},"line":58},"11":{"name":"(anonymous_11)","decl":{"start":{"line":64,"column":4},"end":{"line":64,"column":5}},"loc":{"start":{"line":64,"column":24},"end":{"line":67,"column":5}},"line":64},"12":{"name":"(anonymous_12)","decl":{"start":{"line":69,"column":4},"end":{"line":69,"column":5}},"loc":{"start":{"line":69,"column":25},"end":{"line":76,"column":5}},"line":69}},"branchMap":{},"s":{"0":1,"1":1,"2":0,"3":0,"4":0,"5":0,"6":0,"7":0,"8":0,"9":0,"10":0,"11":0,"12":0,"13":0,"14":0,"15":0,"16":0,"17":0,"18":0,"19":0,"20":0,"21":0,"22":0,"23":0,"24":0,"25":0,"26":0,"27":0,"28":0},"f":{"0":1,"1":0,"2":0,"3":0,"4":0,"5":0,"6":0,"7":0,"8":0,"9":0,"10":0,"11":0,"12":0},"b":{},"_coverageSchema":"1a1c01bbd47fc00a2c39e90264f33305004495a9","hash":"633a01bf695ed1e1ee4463652ce5bcf960cdd34c"}
,"C:\\Users\\billy\\AndroidStudioProjects\\BABA-Repo\\BABA_App\\Style\\Form.style.js": {"path":"C:\\Users\\billy\\AndroidStudioProjects\\BABA-Repo\\BABA_App\\Style\\Form.style.js","statementMap":{},"fnMap":{},"branchMap":{},"s":{},"f":{},"b":{},"_coverageSchema":"1a1c01bbd47fc00a2c39e90264f33305004495a9","hash":"83cca07d3619e5e9a20c7a976c54e7c3ef35e9ff"}
,"C:\\Users\\billy\\AndroidStudioProjects\\BABA-Repo\\BABA_App\\Style\\Main.style.js": {"path":"C:\\Users\\billy\\AndroidStudioProjects\\BABA-Repo\\BABA_App\\Style\\Main.style.js","statementMap":{},"fnMap":{},"branchMap":{},"s":{},"f":{},"b":{},"_coverageSchema":"1a1c01bbd47fc00a2c39e90264f33305004495a9","hash":"b7dc24f42c05088a7d4361a3e272b7fd540e0610"}
,"C:\\Users\\billy\\AndroidStudioProjects\\BABA-Repo\\BABA_App\\View\\AddGame.js": {"path":"C:\\Users\\billy\\AndroidStudioProjects\\BABA-Repo\\BABA_App\\View\\AddGame.js","statementMap":{"0":{"start":{"line":10,"column":21},"end":{"line":10,"column":42}},"1":{"start":{"line":12,"column":30},"end":{"line":12,"column":42}},"2":{"start":{"line":13,"column":30},"end":{"line":13,"column":42}},"3":{"start":{"line":14,"column":28},"end":{"line":14,"column":40}},"4":{"start":{"line":15,"column":28},"end":{"line":15,"column":40}},"5":{"start":{"line":17,"column":27},"end":{"line":21,"column":5}},"6":{"start":{"line":18,"column":8},"end":{"line":18,"column":47}},"7":{"start":{"line":19,"column":8},"end":{"line":19,"column":42}},"8":{"start":{"line":20,"column":8},"end":{"line":20,"column":50}},"9":{"start":{"line":23,"column":4},"end":{"line":56,"column":6}},"10":{"start":{"line":59,"column":15},"end":{"line":70,"column":2}}},"fnMap":{"0":{"name":"CreateGame","decl":{"start":{"line":9,"column":24},"end":{"line":9,"column":34}},"loc":{"start":{"line":9,"column":48},"end":{"line":57,"column":1}},"line":9},"1":{"name":"(anonymous_1)","decl":{"start":{"line":17,"column":27},"end":{"line":17,"column":28}},"loc":{"start":{"line":17,"column":33},"end":{"line":21,"column":5}},"line":17}},"branchMap":{},"s":{"0":1,"1":1,"2":1,"3":1,"4":1,"5":1,"6":0,"7":0,"8":0,"9":1,"10":1},"f":{"0":1,"1":0},"b":{},"_coverageSchema":"1a1c01bbd47fc00a2c39e90264f33305004495a9","hash":"534e3120af542c4f8ef03184d36e48ac9e5a78fa"}
,"C:\\Users\\billy\\AndroidStudioProjects\\BABA-Repo\\BABA_App\\View\\AddTeam.js": {"path":"C:\\Users\\billy\\AndroidStudioProjects\\BABA-Repo\\BABA_App\\View\\AddTeam.js","statementMap":{"0":{"start":{"line":9,"column":32},"end":{"line":9,"column":44}},"1":{"start":{"line":11,"column":27},"end":{"line":20,"column":5}},"2":{"start":{"line":16,"column":8},"end":{"line":16,"column":44}},"3":{"start":{"line":17,"column":8},"end":{"line":17,"column":42}},"4":{"start":{"line":18,"column":8},"end":{"line":18,"column":48}},"5":{"start":{"line":22,"column":4},"end":{"line":32,"column":6}}},"fnMap":{"0":{"name":"RegisterTeam","decl":{"start":{"line":8,"column":24},"end":{"line":8,"column":36}},"loc":{"start":{"line":8,"column":50},"end":{"line":33,"column":1}},"line":8},"1":{"name":"(anonymous_1)","decl":{"start":{"line":11,"column":27},"end":{"line":11,"column":28}},"loc":{"start":{"line":11,"column":33},"end":{"line":20,"column":5}},"line":11}},"branchMap":{},"s":{"0":1,"1":1,"2":0,"3":0,"4":0,"5":1},"f":{"0":1,"1":0},"b":{},"_coverageSchema":"1a1c01bbd47fc00a2c39e90264f33305004495a9","hash":"0aad66de5104e06391af61a3e067bbaff6d1014b"}
,"C:\\Users\\billy\\AndroidStudioProjects\\BABA-Repo\\BABA_App\\View\\EditTeam.js": {"path":"C:\\Users\\billy\\AndroidStudioProjects\\BABA-Repo\\BABA_App\\View\\EditTeam.js","statementMap":{"0":{"start":{"line":9,"column":28},"end":{"line":9,"column":40}},"1":{"start":{"line":10,"column":28},"end":{"line":10,"column":40}},"2":{"start":{"line":11,"column":28},"end":{"line":11,"column":40}},"3":{"start":{"line":12,"column":32},"end":{"line":12,"column":44}},"4":{"start":{"line":13,"column":28},"end":{"line":13,"column":40}},"5":{"start":{"line":14,"column":34},"end":{"line":14,"column":46}},"6":{"start":{"line":16,"column":4},"end":{"line":23,"column":11}},"7":{"start":{"line":17,"column":8},"end":{"line":17,"column":53}},"8":{"start":{"line":18,"column":8},"end":{"line":18,"column":57}},"9":{"start":{"line":19,"column":8},"end":{"line":19,"column":59}},"10":{"start":{"line":20,"column":8},"end":{"line":20,"column":61}},"11":{"start":{"line":21,"column":8},"end":{"line":21,"column":57}},"12":{"start":{"line":22,"column":8},"end":{"line":22,"column":74}},"13":{"start":{"line":25,"column":23},"end":{"line":43,"column":5}},"14":{"start":{"line":26,"column":8},"end":{"line":42,"column":11}},"15":{"start":{"line":27,"column":12},"end":{"line":41,"column":15}},"16":{"start":{"line":31,"column":16},"end":{"line":31,"column":61}},"17":{"start":{"line":32,"column":16},"end":{"line":40,"column":17}},"18":{"start":{"line":33,"column":20},"end":{"line":37,"column":41}},"19":{"start":{"line":35,"column":39},"end":{"line":35,"column":72}},"20":{"start":{"line":39,"column":20},"end":{"line":39,"column":56}},"21":{"start":{"line":45,"column":23},"end":{"line":60,"column":5}},"22":{"start":{"line":46,"column":8},"end":{"line":59,"column":11}},"23":{"start":{"line":47,"column":12},"end":{"line":58,"column":15}},"24":{"start":{"line":50,"column":16},"end":{"line":50,"column":61}},"25":{"start":{"line":51,"column":16},"end":{"line":57,"column":17}},"26":{"start":{"line":52,"column":20},"end":{"line":56,"column":41}},"27":{"start":{"line":54,"column":39},"end":{"line":54,"column":72}},"28":{"start":{"line":62,"column":4},"end":{"line":94,"column":6}}},"fnMap":{"0":{"name":"EditTeam","decl":{"start":{"line":8,"column":24},"end":{"line":8,"column":32}},"loc":{"start":{"line":8,"column":53},"end":{"line":95,"column":1}},"line":8},"1":{"name":"(anonymous_1)","decl":{"start":{"line":16,"column":14},"end":{"line":16,"column":15}},"loc":{"start":{"line":16,"column":20},"end":{"line":23,"column":5}},"line":16},"2":{"name":"(anonymous_2)","decl":{"start":{"line":25,"column":23},"end":{"line":25,"column":24}},"loc":{"start":{"line":25,"column":29},"end":{"line":43,"column":5}},"line":25},"3":{"name":"(anonymous_3)","decl":{"start":{"line":26,"column":23},"end":{"line":26,"column":24}},"loc":{"start":{"line":26,"column":31},"end":{"line":42,"column":9}},"line":26},"4":{"name":"(anonymous_4)","decl":{"start":{"line":30,"column":12},"end":{"line":30,"column":13}},"loc":{"start":{"line":30,"column":29},"end":{"line":41,"column":13}},"line":30},"5":{"name":"(anonymous_5)","decl":{"start":{"line":35,"column":33},"end":{"line":35,"column":34}},"loc":{"start":{"line":35,"column":39},"end":{"line":35,"column":72}},"line":35},"6":{"name":"(anonymous_6)","decl":{"start":{"line":45,"column":23},"end":{"line":45,"column":24}},"loc":{"start":{"line":45,"column":29},"end":{"line":60,"column":5}},"line":45},"7":{"name":"(anonymous_7)","decl":{"start":{"line":46,"column":23},"end":{"line":46,"column":24}},"loc":{"start":{"line":46,"column":31},"end":{"line":59,"column":9}},"line":46},"8":{"name":"(anonymous_8)","decl":{"start":{"line":49,"column":12},"end":{"line":49,"column":13}},"loc":{"start":{"line":49,"column":29},"end":{"line":58,"column":13}},"line":49},"9":{"name":"(anonymous_9)","decl":{"start":{"line":54,"column":33},"end":{"line":54,"column":34}},"loc":{"start":{"line":54,"column":39},"end":{"line":54,"column":72}},"line":54}},"branchMap":{"0":{"loc":{"start":{"line":32,"column":16},"end":{"line":40,"column":17}},"type":"if","locations":[{"start":{"line":32,"column":16},"end":{"line":40,"column":17}},{"start":{"line":38,"column":23},"end":{"line":40,"column":17}}],"line":32},"1":{"loc":{"start":{"line":51,"column":16},"end":{"line":57,"column":17}},"type":"if","locations":[{"start":{"line":51,"column":16},"end":{"line":57,"column":17}},{"start":{},"end":{}}],"line":51}},"s":{"0":1,"1":1,"2":1,"3":1,"4":1,"5":1,"6":1,"7":0,"8":0,"9":0,"10":0,"11":0,"12":0,"13":1,"14":0,"15":0,"16":0,"17":0,"18":0,"19":0,"20":0,"21":1,"22":0,"23":0,"24":0,"25":0,"26":0,"27":0,"28":1},"f":{"0":1,"1":0,"2":0,"3":0,"4":0,"5":0,"6":0,"7":0,"8":0,"9":0},"b":{"0":[0,0],"1":[0,0]},"_coverageSchema":"1a1c01bbd47fc00a2c39e90264f33305004495a9","hash":"b937da203b59d7add7f2424585fbc3944630ab10"}
,"C:\\Users\\billy\\AndroidStudioProjects\\BABA-Repo\\BABA_App\\View\\Playoffs.js": {"path":"C:\\Users\\billy\\AndroidStudioProjects\\BABA-Repo\\BABA_App\\View\\Playoffs.js","statementMap":{"0":{"start":{"line":18,"column":4},"end":{"line":132,"column":6}},"1":{"start":{"line":135,"column":15},"end":{"line":152,"column":4}},"2":{"start":{"line":154,"column":21},"end":{"line":158,"column":2}}},"fnMap":{"0":{"name":"Playoff","decl":{"start":{"line":17,"column":24},"end":{"line":17,"column":31}},"loc":{"start":{"line":17,"column":46},"end":{"line":133,"column":1}},"line":17}},"branchMap":{},"s":{"0":2,"1":2,"2":2},"f":{"0":2},"b":{},"_coverageSchema":"1a1c01bbd47fc00a2c39e90264f33305004495a9","hash":"8899814bd8ea3e5da8db4d4d0150400229e3984b"}
,"C:\\Users\\billy\\AndroidStudioProjects\\BABA-Repo\\BABA_App\\View\\Account\\DeleteAccount\\DeleteAccount.js": {"path":"C:\\Users\\billy\\AndroidStudioProjects\\BABA-Repo\\BABA_App\\View\\Account\\DeleteAccount\\DeleteAccount.js","statementMap":{"0":{"start":{"line":9,"column":36},"end":{"line":9,"column":48}},"1":{"start":{"line":10,"column":36},"end":{"line":10,"column":48}},"2":{"start":{"line":12,"column":20},"end":{"line":12,"column":57}},"3":{"start":{"line":14,"column":28},"end":{"line":25,"column":5}},"4":{"start":{"line":15,"column":8},"end":{"line":24,"column":9}},"5":{"start":{"line":16,"column":12},"end":{"line":16,"column":93}},"6":{"start":{"line":17,"column":15},"end":{"line":24,"column":9}},"7":{"start":{"line":18,"column":12},"end":{"line":18,"column":65}},"8":{"start":{"line":20,"column":12},"end":{"line":23,"column":13}},"9":{"start":{"line":21,"column":16},"end":{"line":21,"column":91}},"10":{"start":{"line":22,"column":16},"end":{"line":22,"column":45}},"11":{"start":{"line":27,"column":31},"end":{"line":35,"column":5}},"12":{"start":{"line":28,"column":8},"end":{"line":34,"column":9}},"13":{"start":{"line":29,"column":12},"end":{"line":29,"column":77}},"14":{"start":{"line":30,"column":12},"end":{"line":30,"column":46}},"15":{"start":{"line":33,"column":12},"end":{"line":33,"column":41}},"16":{"start":{"line":37,"column":4},"end":{"line":52,"column":6}},"17":{"start":{"line":56,"column":15},"end":{"line":74,"column":2}}},"fnMap":{"0":{"name":"DeleteAccountScreen","decl":{"start":{"line":8,"column":24},"end":{"line":8,"column":43}},"loc":{"start":{"line":8,"column":57},"end":{"line":53,"column":1}},"line":8},"1":{"name":"(anonymous_1)","decl":{"start":{"line":14,"column":28},"end":{"line":14,"column":29}},"loc":{"start":{"line":14,"column":34},"end":{"line":25,"column":5}},"line":14},"2":{"name":"(anonymous_2)","decl":{"start":{"line":27,"column":31},"end":{"line":27,"column":32}},"loc":{"start":{"line":27,"column":37},"end":{"line":35,"column":5}},"line":27}},"branchMap":{"0":{"loc":{"start":{"line":15,"column":8},"end":{"line":24,"column":9}},"type":"if","locations":[{"start":{"line":15,"column":8},"end":{"line":24,"column":9}},{"start":{"line":17,"column":15},"end":{"line":24,"column":9}}],"line":15},"1":{"loc":{"start":{"line":17,"column":15},"end":{"line":24,"column":9}},"type":"if","locations":[{"start":{"line":17,"column":15},"end":{"line":24,"column":9}},{"start":{"line":19,"column":14},"end":{"line":24,"column":9}}],"line":17},"2":{"loc":{"start":{"line":20,"column":12},"end":{"line":23,"column":13}},"type":"if","locations":[{"start":{"line":20,"column":12},"end":{"line":23,"column":13}},{"start":{},"end":{}}],"line":20},"3":{"loc":{"start":{"line":28,"column":8},"end":{"line":34,"column":9}},"type":"if","locations":[{"start":{"line":28,"column":8},"end":{"line":34,"column":9}},{"start":{"line":32,"column":12},"end":{"line":34,"column":9}}],"line":28}},"s":{"0":1,"1":1,"2":1,"3":1,"4":0,"5":0,"6":0,"7":0,"8":0,"9":0,"10":0,"11":1,"12":0,"13":0,"14":0,"15":0,"16":1,"17":1},"f":{"0":1,"1":0,"2":0},"b":{"0":[0,0],"1":[0,0],"2":[0,0],"3":[0,0]},"_coverageSchema":"1a1c01bbd47fc00a2c39e90264f33305004495a9","hash":"30bc7cb9f9407b4211754ea1cf036d18589a6336"}
,"C:\\Users\\billy\\AndroidStudioProjects\\BABA-Repo\\BABA_App\\View\\Account\\ForgotPasswordScreen\\ForgotPasswordScreen.js": {"path":"C:\\Users\\billy\\AndroidStudioProjects\\BABA-Repo\\BABA_App\\View\\Account\\ForgotPasswordScreen\\ForgotPasswordScreen.js","statementMap":{"0":{"start":{"line":9,"column":34},"end":{"line":9,"column":46}},"1":{"start":{"line":11,"column":24},"end":{"line":14,"column":3}},"2":{"start":{"line":12,"column":18},"end":{"line":12,"column":39}},"3":{"start":{"line":13,"column":4},"end":{"line":13,"column":27}},"4":{"start":{"line":16,"column":24},"end":{"line":18,"column":3}},"5":{"start":{"line":17,"column":4},"end":{"line":17,"column":34}},"6":{"start":{"line":20,"column":2},"end":{"line":40,"column":4}},"7":{"start":{"line":43,"column":15},"end":{"line":61,"column":2}}},"fnMap":{"0":{"name":"ForgotPasswordScreen","decl":{"start":{"line":8,"column":24},"end":{"line":8,"column":44}},"loc":{"start":{"line":8,"column":58},"end":{"line":41,"column":1}},"line":8},"1":{"name":"(anonymous_1)","decl":{"start":{"line":11,"column":24},"end":{"line":11,"column":25}},"loc":{"start":{"line":11,"column":30},"end":{"line":14,"column":3}},"line":11},"2":{"name":"(anonymous_2)","decl":{"start":{"line":16,"column":24},"end":{"line":16,"column":25}},"loc":{"start":{"line":16,"column":30},"end":{"line":18,"column":3}},"line":16}},"branchMap":{},"s":{"0":1,"1":1,"2":0,"3":0,"4":1,"5":0,"6":1,"7":1},"f":{"0":1,"1":0,"2":0},"b":{},"_coverageSchema":"1a1c01bbd47fc00a2c39e90264f33305004495a9","hash":"909522a7673b66bbc41fb8fb3de26fcbb41c01e5"}
,"C:\\Users\\billy\\AndroidStudioProjects\\BABA-Repo\\BABA_App\\View\\Account\\NewPasswordScreen\\NewPasswordScreen.js": {"path":"C:\\Users\\billy\\AndroidStudioProjects\\BABA-Repo\\BABA_App\\View\\Account\\NewPasswordScreen\\NewPasswordScreen.js","statementMap":{"0":{"start":{"line":9,"column":34},"end":{"line":9,"column":46}},"1":{"start":{"line":10,"column":34},"end":{"line":10,"column":46}},"2":{"start":{"line":11,"column":40},"end":{"line":11,"column":52}},"3":{"start":{"line":12,"column":38},"end":{"line":12,"column":50}},"4":{"start":{"line":14,"column":26},"end":{"line":29,"column":3}},"5":{"start":{"line":15,"column":20},"end":{"line":15,"column":57}},"6":{"start":{"line":16,"column":4},"end":{"line":27,"column":5}},"7":{"start":{"line":17,"column":6},"end":{"line":17,"column":83}},"8":{"start":{"line":18,"column":11},"end":{"line":27,"column":5}},"9":{"start":{"line":19,"column":6},"end":{"line":19,"column":99}},"10":{"start":{"line":20,"column":10},"end":{"line":27,"column":5}},"11":{"start":{"line":21,"column":6},"end":{"line":21,"column":80}},"12":{"start":{"line":24,"column":6},"end":{"line":24,"column":38}},"13":{"start":{"line":25,"column":6},"end":{"line":25,"column":85}},"14":{"start":{"line":26,"column":6},"end":{"line":26,"column":40}},"15":{"start":{"line":31,"column":24},"end":{"line":33,"column":3}},"16":{"start":{"line":32,"column":4},"end":{"line":32,"column":34}},"17":{"start":{"line":35,"column":2},"end":{"line":65,"column":4}},"18":{"start":{"line":68,"column":15},"end":{"line":86,"column":2}}},"fnMap":{"0":{"name":"NewPasswordScreen","decl":{"start":{"line":8,"column":24},"end":{"line":8,"column":41}},"loc":{"start":{"line":8,"column":55},"end":{"line":66,"column":1}},"line":8},"1":{"name":"(anonymous_1)","decl":{"start":{"line":14,"column":26},"end":{"line":14,"column":27}},"loc":{"start":{"line":14,"column":32},"end":{"line":29,"column":3}},"line":14},"2":{"name":"(anonymous_2)","decl":{"start":{"line":31,"column":24},"end":{"line":31,"column":25}},"loc":{"start":{"line":31,"column":30},"end":{"line":33,"column":3}},"line":31}},"branchMap":{"0":{"loc":{"start":{"line":16,"column":4},"end":{"line":27,"column":5}},"type":"if","locations":[{"start":{"line":16,"column":4},"end":{"line":27,"column":5}},{"start":{"line":18,"column":11},"end":{"line":27,"column":5}}],"line":16},"1":{"loc":{"start":{"line":18,"column":11},"end":{"line":27,"column":5}},"type":"if","locations":[{"start":{"line":18,"column":11},"end":{"line":27,"column":5}},{"start":{"line":20,"column":10},"end":{"line":27,"column":5}}],"line":18},"2":{"loc":{"start":{"line":20,"column":10},"end":{"line":27,"column":5}},"type":"if","locations":[{"start":{"line":20,"column":10},"end":{"line":27,"column":5}},{"start":{"line":23,"column":8},"end":{"line":27,"column":5}}],"line":20}},"s":{"0":1,"1":1,"2":1,"3":1,"4":1,"5":0,"6":0,"7":0,"8":0,"9":0,"10":0,"11":0,"12":0,"13":0,"14":0,"15":1,"16":0,"17":1,"18":1},"f":{"0":1,"1":0,"2":0},"b":{"0":[0,0],"1":[0,0],"2":[0,0]},"_coverageSchema":"1a1c01bbd47fc00a2c39e90264f33305004495a9","hash":"a5a8ac3678e7cdd746aa07e1a0f0b4b8616e13b2"}
,"C:\\Users\\billy\\AndroidStudioProjects\\BABA-Repo\\BABA_App\\View\\Account\\SignInScreen\\SignInScreen.js": {"path":"C:\\Users\\billy\\AndroidStudioProjects\\BABA-Repo\\BABA_App\\View\\Account\\SignInScreen\\SignInScreen.js","statementMap":{"0":{"start":{"line":10,"column":34},"end":{"line":10,"column":46}},"1":{"start":{"line":11,"column":34},"end":{"line":11,"column":46}},"2":{"start":{"line":13,"column":19},"end":{"line":13,"column":40}},"3":{"start":{"line":15,"column":26},"end":{"line":37,"column":3}},"4":{"start":{"line":16,"column":18},"end":{"line":16,"column":49}},"5":{"start":{"line":17,"column":4},"end":{"line":36,"column":5}},"6":{"start":{"line":18,"column":6},"end":{"line":18,"column":74}},"7":{"start":{"line":19,"column":11},"end":{"line":36,"column":5}},"8":{"start":{"line":20,"column":6},"end":{"line":20,"column":59}},"9":{"start":{"line":22,"column":6},"end":{"line":35,"column":7}},"10":{"start":{"line":23,"column":8},"end":{"line":23,"column":62}},"11":{"start":{"line":25,"column":8},"end":{"line":34,"column":9}},"12":{"start":{"line":26,"column":10},"end":{"line":26,"column":56}},"13":{"start":{"line":27,"column":10},"end":{"line":27,"column":118}},"14":{"start":{"line":28,"column":15},"end":{"line":34,"column":9}},"15":{"start":{"line":29,"column":10},"end":{"line":29,"column":65}},"16":{"start":{"line":30,"column":10},"end":{"line":30,"column":45}},"17":{"start":{"line":31,"column":15},"end":{"line":34,"column":9}},"18":{"start":{"line":32,"column":10},"end":{"line":32,"column":67}},"19":{"start":{"line":33,"column":10},"end":{"line":33,"column":80}},"20":{"start":{"line":39,"column":34},"end":{"line":41,"column":3}},"21":{"start":{"line":40,"column":4},"end":{"line":40,"column":42}},"22":{"start":{"line":43,"column":24},"end":{"line":45,"column":3}},"23":{"start":{"line":44,"column":4},"end":{"line":44,"column":34}},"24":{"start":{"line":47,"column":18},"end":{"line":49,"column":3}},"25":{"start":{"line":48,"column":4},"end":{"line":48,"column":65}},"26":{"start":{"line":52,"column":2},"end":{"line":90,"column":4}},"27":{"start":{"line":93,"column":15},"end":{"line":103,"column":2}}},"fnMap":{"0":{"name":"SignInScreen","decl":{"start":{"line":9,"column":24},"end":{"line":9,"column":36}},"loc":{"start":{"line":9,"column":50},"end":{"line":91,"column":1}},"line":9},"1":{"name":"(anonymous_1)","decl":{"start":{"line":15,"column":26},"end":{"line":15,"column":27}},"loc":{"start":{"line":15,"column":32},"end":{"line":37,"column":3}},"line":15},"2":{"name":"(anonymous_2)","decl":{"start":{"line":39,"column":34},"end":{"line":39,"column":35}},"loc":{"start":{"line":39,"column":40},"end":{"line":41,"column":3}},"line":39},"3":{"name":"(anonymous_3)","decl":{"start":{"line":43,"column":24},"end":{"line":43,"column":25}},"loc":{"start":{"line":43,"column":30},"end":{"line":45,"column":3}},"line":43},"4":{"name":"(anonymous_4)","decl":{"start":{"line":47,"column":18},"end":{"line":47,"column":19}},"loc":{"start":{"line":47,"column":24},"end":{"line":49,"column":3}},"line":47}},"branchMap":{"0":{"loc":{"start":{"line":17,"column":4},"end":{"line":36,"column":5}},"type":"if","locations":[{"start":{"line":17,"column":4},"end":{"line":36,"column":5}},{"start":{"line":19,"column":11},"end":{"line":36,"column":5}}],"line":17},"1":{"loc":{"start":{"line":19,"column":11},"end":{"line":36,"column":5}},"type":"if","locations":[{"start":{"line":19,"column":11},"end":{"line":36,"column":5}},{"start":{"line":21,"column":10},"end":{"line":36,"column":5}}],"line":19},"2":{"loc":{"start":{"line":22,"column":6},"end":{"line":35,"column":7}},"type":"if","locations":[{"start":{"line":22,"column":6},"end":{"line":35,"column":7}},{"start":{"line":24,"column":11},"end":{"line":35,"column":7}}],"line":22},"3":{"loc":{"start":{"line":25,"column":8},"end":{"line":34,"column":9}},"type":"if","locations":[{"start":{"line":25,"column":8},"end":{"line":34,"column":9}},{"start":{"line":28,"column":15},"end":{"line":34,"column":9}}],"line":25},"4":{"loc":{"start":{"line":28,"column":15},"end":{"line":34,"column":9}},"type":"if","locations":[{"start":{"line":28,"column":15},"end":{"line":34,"column":9}},{"start":{"line":31,"column":15},"end":{"line":34,"column":9}}],"line":28},"5":{"loc":{"start":{"line":31,"column":15},"end":{"line":34,"column":9}},"type":"if","locations":[{"start":{"line":31,"column":15},"end":{"line":34,"column":9}},{"start":{},"end":{}}],"line":31}},"s":{"0":1,"1":1,"2":1,"3":1,"4":0,"5":0,"6":0,"7":0,"8":0,"9":0,"10":0,"11":0,"12":0,"13":0,"14":0,"15":0,"16":0,"17":0,"18":0,"19":0,"20":1,"21":0,"22":1,"23":0,"24":1,"25":0,"26":1,"27":1},"f":{"0":1,"1":0,"2":0,"3":0,"4":0},"b":{"0":[0,0],"1":[0,0],"2":[0,0],"3":[0,0],"4":[0,0],"5":[0,0]},"_coverageSchema":"1a1c01bbd47fc00a2c39e90264f33305004495a9","hash":"6c29672774685ebcefe153dfe68e155f463647a1"}
,"C:\\Users\\billy\\AndroidStudioProjects\\BABA-Repo\\BABA_App\\View\\Account\\SignUpScreen\\SignUpScreen.js": {"path":"C:\\Users\\billy\\AndroidStudioProjects\\BABA-Repo\\BABA_App\\View\\Account\\SignUpScreen\\SignUpScreen.js","statementMap":{"0":{"start":{"line":10,"column":34},"end":{"line":10,"column":46}},"1":{"start":{"line":11,"column":28},"end":{"line":11,"column":40}},"2":{"start":{"line":12,"column":34},"end":{"line":12,"column":46}},"3":{"start":{"line":13,"column":46},"end":{"line":13,"column":58}},"4":{"start":{"line":15,"column":27},"end":{"line":27,"column":3}},"5":{"start":{"line":16,"column":18},"end":{"line":16,"column":70}},"6":{"start":{"line":17,"column":4},"end":{"line":19,"column":5}},"7":{"start":{"line":18,"column":6},"end":{"line":18,"column":78}},"8":{"start":{"line":20,"column":4},"end":{"line":26,"column":5}},"9":{"start":{"line":21,"column":6},"end":{"line":21,"column":87}},"10":{"start":{"line":22,"column":6},"end":{"line":22,"column":40}},"11":{"start":{"line":24,"column":6},"end":{"line":24,"column":48}},"12":{"start":{"line":25,"column":6},"end":{"line":25,"column":35}},"13":{"start":{"line":29,"column":24},"end":{"line":31,"column":3}},"14":{"start":{"line":30,"column":4},"end":{"line":30,"column":34}},"15":{"start":{"line":33,"column":30},"end":{"line":35,"column":3}},"16":{"start":{"line":34,"column":4},"end":{"line":34,"column":40}},"17":{"start":{"line":37,"column":27},"end":{"line":39,"column":3}},"18":{"start":{"line":38,"column":4},"end":{"line":38,"column":37}},"19":{"start":{"line":42,"column":2},"end":{"line":85,"column":4}},"20":{"start":{"line":88,"column":15},"end":{"line":121,"column":2}}},"fnMap":{"0":{"name":"SignUpScreen","decl":{"start":{"line":9,"column":24},"end":{"line":9,"column":36}},"loc":{"start":{"line":9,"column":50},"end":{"line":86,"column":1}},"line":9},"1":{"name":"(anonymous_1)","decl":{"start":{"line":15,"column":27},"end":{"line":15,"column":28}},"loc":{"start":{"line":15,"column":33},"end":{"line":27,"column":3}},"line":15},"2":{"name":"(anonymous_2)","decl":{"start":{"line":29,"column":24},"end":{"line":29,"column":25}},"loc":{"start":{"line":29,"column":30},"end":{"line":31,"column":3}},"line":29},"3":{"name":"(anonymous_3)","decl":{"start":{"line":33,"column":30},"end":{"line":33,"column":31}},"loc":{"start":{"line":33,"column":36},"end":{"line":35,"column":3}},"line":33},"4":{"name":"(anonymous_4)","decl":{"start":{"line":37,"column":27},"end":{"line":37,"column":28}},"loc":{"start":{"line":37,"column":33},"end":{"line":39,"column":3}},"line":37}},"branchMap":{"0":{"loc":{"start":{"line":17,"column":4},"end":{"line":19,"column":5}},"type":"if","locations":[{"start":{"line":17,"column":4},"end":{"line":19,"column":5}},{"start":{},"end":{}}],"line":17},"1":{"loc":{"start":{"line":20,"column":4},"end":{"line":26,"column":5}},"type":"if","locations":[{"start":{"line":20,"column":4},"end":{"line":26,"column":5}},{"start":{"line":23,"column":10},"end":{"line":26,"column":5}}],"line":20}},"s":{"0":1,"1":1,"2":1,"3":1,"4":1,"5":0,"6":0,"7":0,"8":0,"9":0,"10":0,"11":0,"12":0,"13":1,"14":0,"15":1,"16":0,"17":1,"18":0,"19":1,"20":1},"f":{"0":1,"1":0,"2":0,"3":0,"4":0},"b":{"0":[0,0],"1":[0,0]},"_coverageSchema":"1a1c01bbd47fc00a2c39e90264f33305004495a9","hash":"45bf5181b8b2ecc64bd4a1817ac0be081d20c59e"}
,"C:\\Users\\billy\\AndroidStudioProjects\\BABA-Repo\\BABA_App\\View\\pages\\components\\Gameformat.js": {"path":"C:\\Users\\billy\\AndroidStudioProjects\\BABA-Repo\\BABA_App\\View\\pages\\components\\Gameformat.js","statementMap":{"0":{"start":{"line":5,"column":19},"end":{"line":12,"column":1}},"1":{"start":{"line":6,"column":4},"end":{"line":11,"column":6}},"2":{"start":{"line":14,"column":15},"end":{"line":22,"column":2}}},"fnMap":{"0":{"name":"(anonymous_0)","decl":{"start":{"line":5,"column":19},"end":{"line":5,"column":20}},"loc":{"start":{"line":5,"column":30},"end":{"line":12,"column":1}},"line":5}},"branchMap":{},"s":{"0":2,"1":8,"2":2},"f":{"0":8},"b":{},"_coverageSchema":"1a1c01bbd47fc00a2c39e90264f33305004495a9","hash":"11a8ca63d74600dc8593f82b2b138cf87995d678"}
,"C:\\Users\\billy\\AndroidStudioProjects\\BABA-Repo\\BABA_App\\assets\\images\\Logo_1.png": {"path":"C:\\Users\\billy\\AndroidStudioProjects\\BABA-Repo\\BABA_App\\assets\\images\\Logo_1.png","statementMap":{"0":{"start":{"line":1,"column":0},"end":{"line":4,"column":6}}},"fnMap":{},"branchMap":{},"s":{"0":2},"f":{},"b":{},"_coverageSchema":"1a1c01bbd47fc00a2c39e90264f33305004495a9","hash":"c32832a7dd6c784e62b3052c98c26e568dfc7e9f"}
,"C:\\Users\\billy\\AndroidStudioProjects\\BABA-Repo\\BABA_App\\src\\components\\CustomButton\\CustomButton.js": {"path":"C:\\Users\\billy\\AndroidStudioProjects\\BABA-Repo\\BABA_App\\src\\components\\CustomButton\\CustomButton.js","statementMap":{"0":{"start":{"line":4,"column":21},"end":{"line":23,"column":1}},"1":{"start":{"line":5,"column":2},"end":{"line":22,"column":4}},"2":{"start":{"line":25,"column":15},"end":{"line":59,"column":2}}},"fnMap":{"0":{"name":"(anonymous_0)","decl":{"start":{"line":4,"column":21},"end":{"line":4,"column":22}},"loc":{"start":{"line":4,"column":78},"end":{"line":23,"column":1}},"line":4}},"branchMap":{"0":{"loc":{"start":{"line":4,"column":38},"end":{"line":4,"column":54}},"type":"default-arg","locations":[{"start":{"line":4,"column":45},"end":{"line":4,"column":54}}],"line":4},"1":{"loc":{"start":{"line":11,"column":8},"end":{"line":11,"column":49}},"type":"cond-expr","locations":[{"start":{"line":11,"column":18},"end":{"line":11,"column":44}},{"start":{"line":11,"column":47},"end":{"line":11,"column":49}}],"line":11},"2":{"loc":{"start":{"line":17,"column":10},"end":{"line":17,"column":41}},"type":"cond-expr","locations":[{"start":{"line":17,"column":20},"end":{"line":17,"column":36}},{"start":{"line":17,"column":39},"end":{"line":17,"column":41}}],"line":17}},"s":{"0":6,"1":14,"2":6},"f":{"0":14},"b":{"0":[9],"1":[0,14],"2":[0,14]},"_coverageSchema":"1a1c01bbd47fc00a2c39e90264f33305004495a9","hash":"c034d30bfa1610f7abcb320ff687072fa68bf698"}
,"C:\\Users\\billy\\AndroidStudioProjects\\BABA-Repo\\BABA_App\\src\\components\\CustomButton\\index.js": {"path":"C:\\Users\\billy\\AndroidStudioProjects\\BABA-Repo\\BABA_App\\src\\components\\CustomButton\\index.js","statementMap":{},"fnMap":{},"branchMap":{},"s":{},"f":{},"b":{},"_coverageSchema":"1a1c01bbd47fc00a2c39e90264f33305004495a9","hash":"210c06d2ba87e5c8a0387921498868af0d4b9916"}
,"C:\\Users\\billy\\AndroidStudioProjects\\BABA-Repo\\BABA_App\\src\\components\\CustomInput\\CustomInput.js": {"path":"C:\\Users\\billy\\AndroidStudioProjects\\BABA-Repo\\BABA_App\\src\\components\\CustomInput\\CustomInput.js","statementMap":{"0":{"start":{"line":4,"column":20},"end":{"line":16,"column":1}},"1":{"start":{"line":5,"column":2},"end":{"line":15,"column":4}},"2":{"start":{"line":18,"column":15},"end":{"line":31,"column":2}}},"fnMap":{"0":{"name":"(anonymous_0)","decl":{"start":{"line":4,"column":20},"end":{"line":4,"column":21}},"loc":{"start":{"line":4,"column":73},"end":{"line":16,"column":1}},"line":4}},"branchMap":{},"s":{"0":6,"1":18,"2":6},"f":{"0":18},"b":{},"_coverageSchema":"1a1c01bbd47fc00a2c39e90264f33305004495a9","hash":"9c940ed39368d1111e885560f15c95b7a8f78cb9"}
,"C:\\Users\\billy\\AndroidStudioProjects\\BABA-Repo\\BABA_App\\src\\components\\CustomInput\\index.js": {"path":"C:\\Users\\billy\\AndroidStudioProjects\\BABA-Repo\\BABA_App\\src\\components\\CustomInput\\index.js","statementMap":{},"fnMap":{},"branchMap":{},"s":{},"f":{},"b":{},"_coverageSchema":"1a1c01bbd47fc00a2c39e90264f33305004495a9","hash":"4d0c6f8c20adc549f76b64046b2c5ad3b9a2679c"}
}
