TN:
SF:DAOs\AccountDao.js
FN:7,getAccountDB
FN:13,createAccount
FN:17,(anonymous_2)
FN:39,findAccount
FN:66,checkPassword
FN:82,addCode
FN:85,(anonymous_6)
FN:99,checkCode
FN:114,changePassword
FN:115,(anonymous_9)
FN:124,removeAccount
FN:125,(anonymous_11)
FN:134,removeAll
FN:137,(anonymous_13)
FN:150,loggedIn
FN:151,(anonymous_15)
FN:160,loggedOff
FN:161,(anonymous_17)
FN:170,findLoggedIn
FN:180,getID
FNF:20
FNH:16
FNDA:2,getAccountDB
FNDA:11,createAccount
FNDA:11,(anonymous_2)
FNDA:12,findAccount
FNDA:1,checkPassword
FNDA:2,addCode
FNDA:2,(anonymous_6)
FNDA:1,checkCode
FNDA:1,changePassword
FNDA:1,(anonymous_9)
FNDA:2,removeAccount
FNDA:2,(anonymous_11)
FNDA:2,removeAll
FNDA:2,(anonymous_13)
FNDA:0,loggedIn
FNDA:0,(anonymous_15)
FNDA:1,loggedOff
FNDA:1,(anonymous_17)
FNDA:0,findLoggedIn
FNDA:0,getID
DA:8,2
DA:9,2
DA:16,11
DA:17,11
DA:18,11
DA:27,0
DA:30,0
DA:42,12
DA:43,12
DA:44,1
DA:45,1
DA:48,0
DA:52,11
DA:53,0
DA:56,11
DA:69,1
DA:70,1
DA:71,1
DA:72,0
DA:74,0
DA:85,2
DA:86,2
DA:87,2
DA:89,0
DA:90,0
DA:102,1
DA:103,1
DA:104,0
DA:106,0
DA:115,1
DA:116,1
DA:117,1
DA:119,0
DA:120,0
DA:125,2
DA:126,2
DA:127,2
DA:129,0
DA:130,0
DA:137,2
DA:138,2
DA:140,2
DA:141,2
DA:151,0
DA:152,0
DA:153,0
DA:155,0
DA:156,0
DA:161,1
DA:162,1
DA:163,1
DA:165,0
DA:166,0
DA:171,0
DA:172,0
DA:173,0
DA:174,0
DA:176,0
DA:181,0
DA:182,0
DA:183,0
DA:185,0
LF:62
LH:32
BRDA:16,0,0,11
BRDA:16,0,1,0
BRDA:43,1,0,1
BRDA:43,1,1,11
BRDA:44,2,0,1
BRDA:44,2,1,0
BRDA:52,3,0,0
BRDA:52,3,1,11
BRDA:71,4,0,0
BRDA:71,4,1,0
BRDA:89,5,0,0
BRDA:89,5,1,0
BRDA:103,6,0,0
BRDA:103,6,1,0
BRDA:119,7,0,0
BRDA:119,7,1,0
BRDA:129,8,0,0
BRDA:129,8,1,0
BRDA:140,9,0,2
BRDA:140,9,1,0
BRDA:155,10,0,0
BRDA:155,10,1,0
BRDA:165,11,0,0
BRDA:165,11,1,0
BRDA:173,12,0,0
BRDA:173,12,1,0
BRDA:182,13,0,0
BRDA:182,13,1,0
BRF:28
BRH:6
end_of_record
TN:
SF:DAOs\GameDao.js
FN:5,getGameDB
FN:10,insertDBGame
FN:11,(anonymous_2)
FN:26,addPointsDB
FN:28,(anonymous_4)
FN:44,findGame
FNF:6
FNH:0
FNDA:0,getGameDB
FNDA:0,insertDBGame
FNDA:0,(anonymous_2)
FNDA:0,addPointsDB
FNDA:0,(anonymous_4)
FNDA:0,findGame
DA:6,0
DA:7,0
DA:11,0
DA:12,0
DA:21,0
DA:27,0
DA:28,0
DA:29,0
DA:30,0
DA:31,0
DA:32,0
DA:33,0
DA:35,0
DA:37,0
DA:40,0
DA:45,0
DA:46,0
DA:47,0
DA:51,0
LF:19
LH:0
BRDA:27,0,0,0
BRDA:27,0,1,0
BRDA:30,1,0,0
BRDA:30,1,1,0
BRDA:32,2,0,0
BRDA:32,2,1,0
BRDA:46,3,0,0
BRDA:46,3,1,0
BRF:8
BRH:0
end_of_record
TN:
SF:DAOs\SchemaDao.js
FNF:0
FNH:0
DA:5,4
LF:1
LH:1
BRF:0
BRH:0
end_of_record
TN:
SF:Objects\AccountCont.js
FN:5,(anonymous_0)
FN:14,(anonymous_1)
FN:18,(anonymous_2)
FN:21,(anonymous_3)
FN:24,(anonymous_4)
FN:35,(anonymous_5)
FN:38,(anonymous_6)
FN:41,(anonymous_7)
FN:44,(anonymous_8)
FN:47,(anonymous_9)
FN:50,(anonymous_10)
FN:59,(anonymous_11)
FN:64,(anonymous_12)
FN:69,(anonymous_13)
FNF:14
FNH:11
FNDA:3,(anonymous_0)
FNDA:2,(anonymous_1)
FNDA:1,(anonymous_2)
FNDA:1,(anonymous_3)
FNDA:1,(anonymous_4)
FNDA:0,(anonymous_5)
FNDA:1,(anonymous_6)
FNDA:1,(anonymous_7)
FNDA:1,(anonymous_8)
FNDA:0,(anonymous_9)
FNDA:1,(anonymous_10)
FNDA:0,(anonymous_11)
FNDA:1,(anonymous_12)
FNDA:1,(anonymous_13)
DA:6,3
DA:7,3
DA:8,3
DA:9,3
DA:10,3
DA:11,3
DA:15,2
DA:19,1
DA:22,1
DA:25,1
DA:26,1
DA:27,1
DA:28,1
DA:29,1
DA:30,1
DA:31,1
DA:32,1
DA:33,0
DA:36,0
DA:39,1
DA:42,1
DA:45,1
DA:48,0
DA:51,1
DA:52,0
DA:53,0
DA:54,0
DA:55,0
DA:56,0
DA:57,0
DA:60,0
DA:65,1
DA:70,1
DA:71,0
DA:72,0
DA:73,0
DA:74,0
DA:75,0
DA:76,0
DA:77,0
LF:40
LH:23
BRF:0
BRH:0
end_of_record
TN:
SF:Objects\GameCont.js
FN:5,(anonymous_0)
FN:19,(anonymous_1)
FN:39,(anonymous_2)
FN:43,(anonymous_3)
FN:47,(anonymous_4)
FN:51,(anonymous_5)
FN:55,(anonymous_6)
FN:59,(anonymous_7)
FN:63,(anonymous_8)
FNF:9
FNH:5
FNDA:2,(anonymous_0)
FNDA:0,(anonymous_1)
FNDA:0,(anonymous_2)
FNDA:1,(anonymous_3)
FNDA:1,(anonymous_4)
FNDA:1,(anonymous_5)
FNDA:1,(anonymous_6)
FNDA:0,(anonymous_7)
FNDA:0,(anonymous_8)
DA:6,2
DA:7,2
DA:8,2
DA:9,2
DA:10,2
DA:11,2
DA:12,2
DA:13,0
DA:15,2
DA:20,0
DA:21,0
DA:22,0
DA:23,0
DA:24,0
DA:25,0
DA:26,0
DA:27,0
DA:28,0
DA:29,0
DA:30,0
DA:31,0
DA:32,0
DA:34,0
DA:35,0
DA:36,0
DA:40,0
DA:44,1
DA:48,1
DA:52,1
DA:56,1
DA:60,0
DA:64,0
LF:32
LH:12
BRDA:12,0,0,0
BRDA:12,0,1,2
BRDA:21,1,0,0
BRDA:21,1,1,0
BRDA:21,2,0,0
BRDA:21,2,1,0
BRDA:21,2,2,0
BRDA:24,3,0,0
BRDA:24,3,1,0
BRDA:24,4,0,0
BRDA:24,4,1,0
BRDA:24,4,2,0
BRDA:27,5,0,0
BRDA:27,5,1,0
BRDA:27,6,0,0
BRDA:27,6,1,0
BRDA:27,6,2,0
BRDA:30,7,0,0
BRDA:30,7,1,0
BRDA:30,8,0,0
BRDA:30,8,1,0
BRDA:30,8,2,0
BRF:22
BRH:1
end_of_record
