TN:
SF:DAOs\AccountDao.js
FN:20,getAccountDB
FN:26,createAccount
FN:28,(anonymous_2)
FN:45,findAccount
FN:65,checkPassword
FN:73,addCode
FN:74,(anonymous_6)
FN:83,checkCode
FN:91,changePassword
FN:92,(anonymous_9)
FN:101,removeAccount
FN:102,(anonymous_11)
FN:111,removeAll
FN:112,(anonymous_13)
FN:120,loggedIn
FN:121,(anonymous_15)
FN:130,loggedOff
FN:131,(anonymous_17)
FN:140,findLoggedIn
FNF:19
FNH:19
FNDA:3,getAccountDB
FNDA:13,createAccount
FNDA:11,(anonymous_2)
FNDA:21,findAccount
FNDA:3,checkPassword
FNDA:3,addCode
FNDA:3,(anonymous_6)
FNDA:4,checkCode
FNDA:2,changePassword
FNDA:2,(anonymous_9)
FNDA:3,removeAccount
FNDA:3,(anonymous_11)
FNDA:2,removeAll
FNDA:2,(anonymous_13)
FNDA:3,loggedIn
FNDA:3,(anonymous_15)
FNDA:1,loggedOff
FNDA:1,(anonymous_17)
FNDA:2,findLoggedIn
DA:7,2
DA:21,3
DA:22,3
DA:27,13
DA:28,11
DA:29,11
DA:38,11
DA:41,2
DA:46,21
DA:47,21
DA:48,6
DA:49,4
DA:52,2
DA:56,15
DA:57,3
DA:60,12
DA:66,3
DA:67,3
DA:68,2
DA:70,1
DA:74,3
DA:75,3
DA:76,3
DA:78,3
DA:79,3
DA:84,4
DA:85,4
DA:86,2
DA:88,2
DA:92,2
DA:93,2
DA:94,2
DA:96,2
DA:97,2
DA:102,3
DA:103,3
DA:104,3
DA:106,3
DA:107,3
DA:112,2
DA:113,2
DA:115,2
DA:116,2
DA:121,3
DA:122,3
DA:123,3
DA:125,3
DA:126,3
DA:131,1
DA:132,1
DA:133,1
DA:135,1
DA:136,1
DA:141,2
DA:142,2
DA:143,2
DA:144,2
DA:146,0
DA:150,2
LF:59
LH:58
BRDA:27,0,0,11
BRDA:27,0,1,2
BRDA:47,1,0,6
BRDA:47,1,1,15
BRDA:48,2,0,4
BRDA:48,2,1,2
BRDA:56,3,0,3
BRDA:56,3,1,12
BRDA:67,4,0,2
BRDA:67,4,1,1
BRDA:78,5,0,3
BRDA:78,5,1,0
BRDA:85,6,0,2
BRDA:85,6,1,2
BRDA:96,7,0,2
BRDA:96,7,1,0
BRDA:106,8,0,3
BRDA:106,8,1,0
BRDA:115,9,0,2
BRDA:115,9,1,0
BRDA:125,10,0,3
BRDA:125,10,1,0
BRDA:135,11,0,1
BRDA:135,11,1,0
BRDA:143,12,0,2
BRDA:143,12,1,0
BRF:26
BRH:19
end_of_record
TN:
SF:DAOs\AddTeamDao.js
FN:32,(anonymous_0)
FN:33,(anonymous_1)
FN:45,(anonymous_2)
FN:50,(anonymous_3)
FN:55,(anonymous_4)
FN:56,(anonymous_5)
FN:61,(anonymous_6)
FN:62,(anonymous_7)
FN:63,(anonymous_8)
FN:68,(anonymous_9)
FN:69,(anonymous_10)
FN:75,(anonymous_11)
FN:81,(anonymous_12)
FN:87,(anonymous_13)
FN:93,(anonymous_14)
FNF:15
FNH:9
FNDA:3,(anonymous_0)
FNDA:3,(anonymous_1)
FNDA:3,(anonymous_2)
FNDA:1,(anonymous_3)
FNDA:0,(anonymous_4)
FNDA:0,(anonymous_5)
FNDA:1,(anonymous_6)
FNDA:1,(anonymous_7)
FNDA:3,(anonymous_8)
FNDA:1,(anonymous_9)
FNDA:1,(anonymous_10)
FNDA:0,(anonymous_11)
FNDA:0,(anonymous_12)
FNDA:0,(anonymous_13)
FNDA:0,(anonymous_14)
DA:16,3
DA:28,3
DA:32,3
DA:33,3
DA:34,3
DA:45,3
DA:46,3
DA:50,3
DA:51,1
DA:55,3
DA:56,0
DA:57,0
DA:61,3
DA:62,1
DA:63,3
DA:68,3
DA:69,1
DA:70,1
DA:75,3
DA:76,0
DA:77,0
DA:81,3
DA:82,0
DA:83,0
DA:87,3
DA:88,0
DA:89,0
DA:93,3
DA:94,0
DA:95,0
LF:30
LH:20
BRF:0
BRH:0
end_of_record
TN:
SF:Objects\AccountCont.js
FN:6,(anonymous_0)
FN:15,(anonymous_1)
FN:19,(anonymous_2)
FN:22,(anonymous_3)
FN:25,(anonymous_4)
FN:36,(anonymous_5)
FN:39,(anonymous_6)
FN:42,(anonymous_7)
FN:45,(anonymous_8)
FN:48,(anonymous_9)
FN:51,(anonymous_10)
FN:62,(anonymous_11)
FN:67,(anonymous_12)
FNF:13
FNH:13
FNDA:7,(anonymous_0)
FNDA:2,(anonymous_1)
FNDA:1,(anonymous_2)
FNDA:1,(anonymous_3)
FNDA:1,(anonymous_4)
FNDA:2,(anonymous_5)
FNDA:1,(anonymous_6)
FNDA:1,(anonymous_7)
FNDA:1,(anonymous_8)
FNDA:1,(anonymous_9)
FNDA:1,(anonymous_10)
FNDA:1,(anonymous_11)
FNDA:1,(anonymous_12)
DA:7,7
DA:8,7
DA:9,7
DA:10,7
DA:11,7
DA:12,7
DA:16,2
DA:20,1
DA:23,1
DA:26,1
DA:27,1
DA:28,1
DA:29,1
DA:30,1
DA:31,1
DA:32,1
DA:33,1
DA:34,1
DA:37,2
DA:40,1
DA:43,1
DA:46,1
DA:49,1
DA:52,1
DA:53,1
DA:54,1
DA:55,1
DA:56,1
DA:57,1
DA:58,1
DA:63,1
DA:68,1
DA:69,1
DA:70,1
DA:71,1
DA:72,1
DA:73,1
DA:74,1
DA:75,1
LF:39
LH:39
BRF:0
BRH:0
end_of_record
TN:
SF:Objects\Team.js
FN:5,(anonymous_0)
FN:17,(anonymous_1)
FN:22,(anonymous_2)
FN:26,(anonymous_3)
FN:30,(anonymous_4)
FN:34,(anonymous_5)
FN:38,(anonymous_6)
FN:43,(anonymous_7)
FN:48,(anonymous_8)
FN:53,(anonymous_9)
FN:58,(anonymous_10)
FN:64,(anonymous_11)
FN:69,(anonymous_12)
FNF:13
FNH:1
FNDA:1,(anonymous_0)
FNDA:0,(anonymous_1)
FNDA:0,(anonymous_2)
FNDA:0,(anonymous_3)
FNDA:0,(anonymous_4)
FNDA:0,(anonymous_5)
FNDA:0,(anonymous_6)
FNDA:0,(anonymous_7)
FNDA:0,(anonymous_8)
FNDA:0,(anonymous_9)
FNDA:0,(anonymous_10)
FNDA:0,(anonymous_11)
FNDA:0,(anonymous_12)
DA:6,1
DA:7,1
DA:8,0
DA:9,0
DA:10,0
DA:11,0
DA:13,0
DA:18,0
DA:23,0
DA:27,0
DA:31,0
DA:35,0
DA:39,0
DA:44,0
DA:45,0
DA:49,0
DA:50,0
DA:54,0
DA:55,0
DA:59,0
DA:60,0
DA:65,0
DA:66,0
DA:70,0
DA:71,0
DA:72,0
DA:73,0
DA:74,0
DA:75,0
LF:29
LH:2
BRF:0
BRH:0
end_of_record
